#
# A fatal error has been detected by the Java Runtime Environment:
#
#  SIGILL (0x4) at pc=0x00007fff27dcfddc, pid=24300, tid=50435
#
# JRE version: OpenJDK Runtime Environment (13.0.2+8) (build 13.0.2+8)
# Java VM: OpenJDK 64-Bit Server VM (13.0.2+8, mixed mode, sharing, tiered, compressed oops, g1 gc, bsd-amd64)
# Problematic frame:
# C  [AppKit+0x3b0ddc]  -[NSOpenGLContext setView:]+0xe5
#
# No core dump will be written. Core dumps have been disabled. To enable core dumping, try "ulimit -c unlimited" before starting Java again
#
# If you would like to submit a bug report, please visit:
#   http://bugreport.java.com/bugreport/crash.jsp
# The crash happened outside the Java Virtual Machine in native code.
# See problematic frame for where to report the bug.
#

---------------  S U M M A R Y ------------

Command Line: View.LaunchFrame

Host: MacBookPro15,1 x86_64 2300 MHz, 16 cores, 16G, Darwin 20.0.0
Time: Fri Jun 26 21:39:31 2020 CST elapsed time: 33 seconds (0d 0h 0m 33s)

---------------  T H R E A D  ---------------

Current thread (0x00007fe12f1be000):  JavaThread "Java2D Queue Flusher" daemon [_thread_in_native, id=50435, stack(0x000070000370d000,0x000070000380d000)]

Stack: [0x000070000370d000,0x000070000380d000],  sp=0x000070000380c820,  free space=1022k
Native frames: (J=compiled Java code, A=aot compiled Java code, j=interpreted, Vv=VM code, C=native code)
C  [AppKit+0x3b0ddc]  -[NSOpenGLContext setView:]+0xe5
C  [libawt_lwawt.dylib+0x211da]  CGLSD_MakeCurrentToScratch+0x45
C  [libawt_lwawt.dylib+0x212e3]  OGLSD_MakeOGLContextCurrent+0x58
C  [libawt_lwawt.dylib+0x4027e]  OGLContext_SetSurfaces+0x85
C  [libawt_lwawt.dylib+0x43f99]  Java_sun_java2d_opengl_OGLRenderQueue_flushBuffer+0x629
J 1696  sun.java2d.opengl.OGLRenderQueue.flushBuffer(JI)V java.desktop@13.0.2 (0 bytes) @ 0x0000000128c1385d [0x0000000128c137a0+0x00000000000000bd]
J 1694 c1 sun.java2d.opengl.OGLRenderQueue.flushBuffer()V java.desktop@13.0.2 (41 bytes) @ 0x0000000121a4ab1c [0x0000000121a4a9e0+0x000000000000013c]
j  sun.java2d.opengl.OGLRenderQueue$QueueFlusher.run()V+81 java.desktop@13.0.2
j  java.lang.Thread.run()V+11 java.base@13.0.2
v  ~StubRoutines::call_stub
V  [libjvm.dylib+0x39db4f]  _ZN9JavaCalls11call_helperEP9JavaValueRK12methodHandleP17JavaCallArgumentsP6Thread+0x285
V  [libjvm.dylib+0x39cf5c]  _ZN9JavaCalls12call_virtualEP9JavaValueP5KlassP6SymbolS5_P17JavaCallArgumentsP6Thread+0xe2
V  [libjvm.dylib+0x39d016]  _ZN9JavaCalls12call_virtualEP9JavaValue6HandleP5KlassP6SymbolS6_P6Thread+0x62
V  [libjvm.dylib+0x423d4e]  _ZL12thread_entryP10JavaThreadP6Thread+0x78
V  [libjvm.dylib+0x79d2d2]  _ZN10JavaThread17thread_main_innerEv+0x86
V  [libjvm.dylib+0x79d116]  _ZN10JavaThread3runEv+0x124
V  [libjvm.dylib+0x79af53]  _ZN6Thread8call_runEv+0x71
V  [libjvm.dylib+0x633c9c]  _ZL19thread_native_entryP6Thread+0x12f
C  [libsystem_pthread.dylib+0x69b4]  _pthread_start+0xe0
C  [libsystem_pthread.dylib+0x24d7]  thread_start+0xf

Java frames: (J=compiled Java code, j=interpreted, Vv=VM code)
J 1696  sun.java2d.opengl.OGLRenderQueue.flushBuffer(JI)V java.desktop@13.0.2 (0 bytes) @ 0x0000000128c137e8 [0x0000000128c137a0+0x0000000000000048]
J 1694 c1 sun.java2d.opengl.OGLRenderQueue.flushBuffer()V java.desktop@13.0.2 (41 bytes) @ 0x0000000121a4ab1c [0x0000000121a4a9e0+0x000000000000013c]
j  sun.java2d.opengl.OGLRenderQueue$QueueFlusher.run()V+81 java.desktop@13.0.2
j  java.lang.Thread.run()V+11 java.base@13.0.2
v  ~StubRoutines::call_stub

siginfo: si_signo: 4 (SIGILL), si_code: 1 (ILL_ILLOPC), si_addr: 0x00007fff27dcfddc

Register to memory mapping:

RAX=0x0 is NULL
RBX=0x00007fe137b22f00 points into unknown readable memory: b0 70 5f 2e e1 7f 00 00
RCX=0x0 is NULL
RDX=0x0 is NULL
RSP=0x000070000380c820 is pointing into the stack for thread: 0x00007fe12f1be000
RBP=0x000070000380c870 is pointing into the stack for thread: 0x00007fe12f1be000
RSI=0x000000001f08000c is an unknown value
RDI=0x0 is NULL
R8 =0x0 is NULL
R9 =0x0 is NULL
R10=0x0 is NULL
R11=0x0 is NULL
R12=0x00007fe137009038 points into unknown readable memory: 00 00 00 00 00 00 00 00
R13=0x00007fe1316aa2f0 points into unknown readable memory: ba 26 43 0f 01 00 00 00
R14=0x00007fe137b1c410 points into unknown readable memory: 8f 99 36 87 ff ff 3d 01
R15=0x00007fe12e5f70b0 points into unknown readable memory: 05 68 36 87 ff ff 3d 02


Registers:
RAX=0x0000000000000000, RBX=0x00007fe137b22f00, RCX=0x0000000000000000, RDX=0x0000000000000000
RSP=0x000070000380c820, RBP=0x000070000380c870, RSI=0x000000001f08000c, RDI=0x0000000000000000
R8 =0x0000000000000000, R9 =0x0000000000000000, R10=0x0000000000000000, R11=0x0000000000000000
R12=0x00007fe137009038, R13=0x00007fe1316aa2f0, R14=0x00007fe137b1c410, R15=0x00007fe12e5f70b0
RIP=0x00007fff27dcfddc, EFLAGS=0x0000000000010202, ERR=0x0000000000000000
  TRAPNO=0x0000000000000006

Top of Stack: (sp=0x000070000380c820)
0x000070000380c820:   0000000000000000 0000000000000000
0x000070000380c830:   0000000000000000 0000000000000000
0x000070000380c840:   43000000c3f60000 0000000000000000
0x000070000380c850:   0000000000000000 00007fe137b22f00
0x000070000380c860:   00007fe12f1be310 00007fe12f1be310
0x000070000380c870:   000070000380c8a0 000000010f40d1da
0x000070000380c880:   0000000000000000 00007fe137b21f20
0x000070000380c890:   00007fe137b22f00 00007fe12f1be310
0x000070000380c8a0:   000070000380c8e0 000000010f40d2e3
0x000070000380c8b0:   0000000000000005 00007fe12f1be310
0x000070000380c8c0:   00007fe1316aa2f0 000070000380ca50
0x000070000380c8d0:   00007fe13383ba18 00007fe1316aa2f0
0x000070000380c8e0:   000070000380c920 000000010f42c27e
0x000070000380c8f0:   000000010f42ff6a 00007fe13383ba08
0x000070000380c900:   00007fe1316aa2f0 000070000380ca50
0x000070000380c910:   00007fe13383ba18 00007fe1316aa2f0
0x000070000380c920:   000070000380c970 000000010f42ff99
0x000070000380c930:   000000000380c950 00007fe13383bc38
0x000070000380c940:   00007fe12f1be310 000000010f25c2d0
0x000070000380c950:   0000000000000000 000070000380ca50
0x000070000380c960:   000070000380cad8 00007fe12f1be000
0x000070000380c970:   000070000380c9c0 0000000128c1385d
0x000070000380c980:   000000070e70fc70 00007fe12f1be000
0x000070000380c990:   000070000380c901 00007fe12e5dc6f0
0x000070000380c9a0:   000070000380cb00 00007fe12f1be000
0x000070000380c9b0:   00000008003dd418 0000000000000000
0x000070000380c9c0:   000070000380cab0 0000000121a4ab1c
0x000070000380c9d0:   000070000380ca20 0000000128bb6edb
0x000070000380c9e0:   000000070e709eb0 0000000128bfd559
0x000070000380c9f0:   000000070e709eb0 000000010ec5e36b
0x000070000380ca00:   000070000380ca50 000000010ec5f4d8
0x000070000380ca10:   0000000000000000 000000070feadd00 

Instructions: (pc=0x00007fff27dcfddc)
0x00007fff27dcfcdc:   c3 90 90 90 90 90 90 90 90 55 48 89 e5 48 8b 35
0x00007fff27dcfcec:   18 72 55 5f 5d ff 25 b9 be 35 5f 55 48 89 e5 41
0x00007fff27dcfcfc:   57 41 56 53 48 83 ec 38 49 89 d6 49 89 ff 8a 05
0x00007fff27dcfd0c:   c8 bc 5c 5f 84 c0 0f 84 90 00 00 00 04 fe 84 c0
0x00007fff27dcfd1c:   75 0d e8 69 3b 7c 00 85 c0 0f 84 a5 00 00 00 48
0x00007fff27dcfd2c:   8b 35 56 5f 54 5f 4c 89 ff ff 15 75 be 35 5f 49
0x00007fff27dcfd3c:   8d 7f 08 e8 6e 39 7c 00 4c 39 f0 74 3e 48 8b 0d
0x00007fff27dcfd4c:   20 a4 35 5f 48 8d 7d b0 48 89 0f b9 00 00 00 c2
0x00007fff27dcfd5c:   48 89 4f 08 48 8d 0d a8 a7 32 00 48 89 4f 10 48
0x00007fff27dcfd6c:   8d 0d 4e 42 36 5f 48 89 4f 18 48 89 47 20 4c 89
0x00007fff27dcfd7c:   7f 28 4c 89 77 30 e8 66 02 ce ff 31 db 48 8b 35
0x00007fff27dcfd8c:   00 5f 54 5f 4c 89 ff ff 15 17 be 35 5f 84 db 75
0x00007fff27dcfd9c:   2c 48 83 c4 38 5b 41 5e 41 5f 5d c3 48 8d 3d c9
0x00007fff27dcfdac:   d8 3b 5f 48 8d 15 22 bc 5c 5f 48 8d 0d 17 b0 32
0x00007fff27dcfdbc:   00 31 f6 e8 bc 3c c5 ff e9 51 ff ff ff e8 b4 38
0x00007fff27dcfdcc:   7c 00 0f 0b 48 8d 3d d3 f3 8d 00 e8 e8 32 7c 00
0x00007fff27dcfddc:   0f 0b 49 89 c6 eb 13 48 89 c7 e8 67 38 7c 00 b3
0x00007fff27dcfdec:   01 eb 9a 49 89 c6 84 db 74 05 e8 7b 38 7c 00 4c
0x00007fff27dcfdfc:   89 f7 e8 e9 31 7c 00 0f 0b e8 68 39 7c 00 55 48
0x00007fff27dcfe0c:   89 e5 41 57 41 56 41 54 53 41 89 f6 48 89 fb 48
0x00007fff27dcfe1c:   83 c7 08 e8 8e 38 7c 00 49 89 c7 48 89 df e8 45
0x00007fff27dcfe2c:   00 00 00 49 89 c4 4c 89 ff 31 f6 e8 88 00 00 00
0x00007fff27dcfe3c:   49 89 c7 45 0f be f6 4d 85 e4 74 0b 48 89 df 44
0x00007fff27dcfe4c:   89 f6 e8 b4 71 04 00 4d 85 ff 74 13 48 89 df 44
0x00007fff27dcfe5c:   89 f6 5b 41 5c 41 5e 41 5f 5d e9 25 29 04 00 5b
0x00007fff27dcfe6c:   41 5c 41 5e 41 5f 5d c3 55 48 89 e5 41 56 53 48
0x00007fff27dcfe7c:   89 fb 4c 8d 35 13 01 5c 5f 4c 89 f7 e8 11 3a 7c
0x00007fff27dcfe8c:   00 48 8b 3d 3c bb 5c 5f 48 8b 35 8d 34 54 5f 48
0x00007fff27dcfe9c:   89 da ff 15 0c bd 35 5f 48 89 c7 ff 15 13 bd 35
0x00007fff27dcfeac:   5f 48 89 c3 4c 89 f7 e8 ec 39 7c 00 48 89 df 5b
0x00007fff27dcfebc:   41 5e 5d e9 76 37 7c 00 55 48 89 e5 41 57 41 56
0x00007fff27dcfecc:   53 50 41 89 f7 49 89 fe 48 8d 3d 7d 00 5c 5f e8 


Stack slot to memory mapping:
stack at sp + 0 slots: 0x0 is NULL
stack at sp + 1 slots: 0x0 is NULL
stack at sp + 2 slots: 0x0 is NULL
stack at sp + 3 slots: 0x0 is NULL
stack at sp + 4 slots: 0x43000000c3f60000 is an unknown value
stack at sp + 5 slots: 0x0 is NULL
stack at sp + 6 slots: 0x0 is NULL
stack at sp + 7 slots: 0x00007fe137b22f00 points into unknown readable memory: b0 70 5f 2e e1 7f 00 00


---------------  P R O C E S S  ---------------

Threads class SMR info:
_java_thread_list=0x00007fe137b982a0, length=18, elements={
0x00007fe12f126000, 0x00007fe12f129000, 0x00007fe130815800, 0x00007fe130811000,
0x00007fe12f12a800, 0x00007fe132808800, 0x00007fe133040800, 0x00007fe133044000,
0x00007fe12f945800, 0x00007fe12f170800, 0x00007fe12f1be000, 0x00007fe12f99c000,
0x00007fe133831000, 0x00007fe12f291000, 0x00007fe12f008800, 0x00007fe12f859800,
0x00007fe130817800, 0x00007fe1308a2000
}

Java Threads: ( => current thread )
  0x00007fe12f126000 JavaThread "Reference Handler" daemon [_thread_blocked, id=13827, stack(0x00007000024bf000,0x00007000025bf000)]
  0x00007fe12f129000 JavaThread "Finalizer" daemon [_thread_blocked, id=17667, stack(0x00007000025c2000,0x00007000026c2000)]
  0x00007fe130815800 JavaThread "Signal Dispatcher" daemon [_thread_blocked, id=21763, stack(0x00007000027cb000,0x00007000028cb000)]
  0x00007fe130811000 JavaThread "C2 CompilerThread0" daemon [_thread_blocked, id=22275, stack(0x00007000028ce000,0x00007000029ce000)]
  0x00007fe12f12a800 JavaThread "C1 CompilerThread0" daemon [_thread_blocked, id=43011, stack(0x00007000029d1000,0x0000700002ad1000)]
  0x00007fe132808800 JavaThread "Sweeper thread" daemon [_thread_blocked, id=23555, stack(0x0000700002ad4000,0x0000700002bd4000)]
  0x00007fe133040800 JavaThread "Service Thread" daemon [_thread_blocked, id=24323, stack(0x0000700002bd7000,0x0000700002cd7000)]
  0x00007fe133044000 JavaThread "Common-Cleaner" daemon [_thread_blocked, id=24835, stack(0x0000700002ddd000,0x0000700002edd000)]
  0x00007fe12f945800 JavaThread "AppKit Thread" daemon [_thread_in_native, id=775, stack(0x00007ffee73f5000,0x00007ffee7bf5000)]
  0x00007fe12f170800 JavaThread "AWT-Shutdown" [_thread_blocked, id=35331, stack(0x0000700002ee0000,0x0000700002fe0000)]
=>0x00007fe12f1be000 JavaThread "Java2D Queue Flusher" daemon [_thread_in_native, id=50435, stack(0x000070000370d000,0x000070000380d000)]
  0x00007fe12f99c000 JavaThread "Java2D Disposer" daemon [_thread_blocked, id=56835, stack(0x0000700003810000,0x0000700003910000)]
  0x00007fe133831000 JavaThread "AWT-EventQueue-0" [_thread_blocked, id=54287, stack(0x0000700003913000,0x0000700003a13000)]
  0x00007fe12f291000 JavaThread "Thread-1" [_thread_blocked, id=128771, stack(0x0000700003c1c000,0x0000700003d1c000)]
  0x00007fe12f008800 JavaThread "DestroyJavaVM" [_thread_blocked, id=6403, stack(0x0000700001daa000,0x0000700001eaa000)]
  0x00007fe12f859800 JavaThread "Thread-10" [_thread_in_Java, id=126983, stack(0x0000700003b19000,0x0000700003c19000)]
  0x00007fe130817800 JavaThread "pool-1-thread-1" [_thread_blocked, id=32903, stack(0x000070000316c000,0x000070000326c000)]
  0x00007fe1308a2000 JavaThread "pool-1-thread-2" [_thread_blocked, id=28423, stack(0x000070000326f000,0x000070000336f000)]

Other Threads:
  0x00007fe12f125000 VMThread "VM Thread" [stack: 0x00007000023bc000,0x00007000024bc000] [id=18435]
  0x00007fe133043800 WatcherThread [stack: 0x0000700002cda000,0x0000700002dda000] [id=42499]
  0x00007fe12f03f000 GCTaskThread "GC Thread#0" [stack: 0x0000700001ead000,0x0000700001fad000] [id=20995]
  0x00007fe132af8800 GCTaskThread "GC Thread#1" [stack: 0x0000700002fe3000,0x00007000030e3000] [id=17111]
  0x00007fe132af9800 GCTaskThread "GC Thread#2" [stack: 0x0000700003372000,0x0000700003472000] [id=86651]
  0x00007fe133822800 GCTaskThread "GC Thread#3" [stack: 0x0000700003475000,0x0000700003575000] [id=48519]
  0x00007fe133823800 GCTaskThread "GC Thread#4" [stack: 0x0000700003578000,0x0000700003678000] [id=63283]
  0x00007fe133824000 GCTaskThread "GC Thread#5" [stack: 0x0000700003a16000,0x0000700003b16000] [id=43635]
  0x00007fe12f984800 GCTaskThread "GC Thread#6" [stack: 0x0000700003d1f000,0x0000700003e1f000] [id=85371]
  0x00007fe12f9bb000 GCTaskThread "GC Thread#7" [stack: 0x0000700003e22000,0x0000700003f22000] [id=131003]
  0x00007fe12f172800 GCTaskThread "GC Thread#8" [stack: 0x0000700003f25000,0x0000700004025000] [id=31787]
  0x00007fe12f3e8000 GCTaskThread "GC Thread#9" [stack: 0x0000700004028000,0x0000700004128000] [id=32407]
  0x00007fe12f26a000 GCTaskThread "GC Thread#10" [stack: 0x000070000412b000,0x000070000422b000] [id=79883]
  0x00007fe13605d000 GCTaskThread "GC Thread#11" [stack: 0x000070000422e000,0x000070000432e000] [id=63759]
  0x00007fe13605d800 GCTaskThread "GC Thread#12" [stack: 0x0000700004331000,0x0000700004431000] [id=87311]
  0x00007fe12f04f800 ConcurrentGCThread "G1 Main Marker" [stack: 0x0000700001fb0000,0x00007000020b0000] [id=11779]
  0x00007fe12f050800 ConcurrentGCThread "G1 Conc#0" [stack: 0x00007000020b3000,0x00007000021b3000] [id=20227]
  0x00007fe12f105000 ConcurrentGCThread "G1 Refine#0" [stack: 0x00007000021b6000,0x00007000022b6000] [id=12547]
  0x00007fe12f106000 ConcurrentGCThread "G1 Young RemSet Sampling" [stack: 0x00007000022b9000,0x00007000023b9000] [id=19459]

Threads with active compile tasks:

VM state:not at safepoint (normal execution)

VM Mutex/Monitor currently owned by a thread: None

Heap address: 0x0000000700000000, size: 4096 MB, Compressed Oops mode: Zero based, Oop shift amount: 3
Narrow klass base: 0x0000000800000000, Narrow klass shift: 3
Compressed class space size: 1073741824 Address: 0x0000000800af5000

Heap:
 garbage-first heap   total 264192K, used 10663K [0x0000000700000000, 0x0000000800000000)
  region size 1024K, 5 young (5120K), 3 survivors (3072K)
 Metaspace       used 8766K, capacity 9088K, committed 9472K, reserved 1056768K
  class space    used 1042K, capacity 1169K, committed 1280K, reserved 1048576K
Heap Regions: E=young(eden), S=young(survivor), O=old, HS=humongous(starts), HC=humongous(continues), CS=collection set, F=free, A=archive, TAMS=top-at-mark-start (previous, next)
|   0|0x0000000700000000, 0x0000000700100000, 0x0000000700100000|100%|HS|  |TAMS 0x0000000700000000, 0x0000000700000000| Complete 
|   1|0x0000000700100000, 0x0000000700200000, 0x0000000700200000|100%|HS|  |TAMS 0x0000000700100000, 0x0000000700100000| Complete 
|   2|0x0000000700200000, 0x0000000700300000, 0x0000000700300000|100%|HC|  |TAMS 0x0000000700200000, 0x0000000700200000| Complete 
|   3|0x0000000700300000, 0x0000000700400000, 0x0000000700400000|100%|HC|  |TAMS 0x0000000700300000, 0x0000000700300000| Complete 
|   4|0x0000000700400000, 0x0000000700500000, 0x0000000700500000|100%|HC|  |TAMS 0x0000000700400000, 0x0000000700400000| Complete 
|   5|0x0000000700500000, 0x00000007005aac00, 0x0000000700600000| 66%| O|  |TAMS 0x0000000700500000, 0x0000000700500000| Untracked 
|   6|0x0000000700600000, 0x0000000700600000, 0x0000000700700000|  0%| F|  |TAMS 0x0000000700600000, 0x0000000700600000| Untracked 
|   7|0x0000000700700000, 0x0000000700700000, 0x0000000700800000|  0%| F|  |TAMS 0x0000000700700000, 0x0000000700700000| Untracked 
|   8|0x0000000700800000, 0x0000000700800000, 0x0000000700900000|  0%| F|  |TAMS 0x0000000700800000, 0x0000000700800000| Untracked 
|   9|0x0000000700900000, 0x0000000700900000, 0x0000000700a00000|  0%| F|  |TAMS 0x0000000700900000, 0x0000000700900000| Untracked 
|  10|0x0000000700a00000, 0x0000000700a00000, 0x0000000700b00000|  0%| F|  |TAMS 0x0000000700a00000, 0x0000000700a00000| Untracked 
|  11|0x0000000700b00000, 0x0000000700b00000, 0x0000000700c00000|  0%| F|  |TAMS 0x0000000700b00000, 0x0000000700b00000| Untracked 
|  12|0x0000000700c00000, 0x0000000700c00000, 0x0000000700d00000|  0%| F|  |TAMS 0x0000000700c00000, 0x0000000700c00000| Untracked 
|  13|0x0000000700d00000, 0x0000000700d00000, 0x0000000700e00000|  0%| F|  |TAMS 0x0000000700d00000, 0x0000000700d00000| Untracked 
|  14|0x0000000700e00000, 0x0000000700e00000, 0x0000000700f00000|  0%| F|  |TAMS 0x0000000700e00000, 0x0000000700e00000| Untracked 
|  15|0x0000000700f00000, 0x0000000700f00000, 0x0000000701000000|  0%| F|  |TAMS 0x0000000700f00000, 0x0000000700f00000| Untracked 
|  16|0x0000000701000000, 0x0000000701000000, 0x0000000701100000|  0%| F|  |TAMS 0x0000000701000000, 0x0000000701000000| Untracked 
|  17|0x0000000701100000, 0x0000000701100000, 0x0000000701200000|  0%| F|  |TAMS 0x0000000701100000, 0x0000000701100000| Untracked 
|  18|0x0000000701200000, 0x0000000701200000, 0x0000000701300000|  0%| F|  |TAMS 0x0000000701200000, 0x0000000701200000| Untracked 
|  19|0x0000000701300000, 0x0000000701300000, 0x0000000701400000|  0%| F|  |TAMS 0x0000000701300000, 0x0000000701300000| Untracked 
|  20|0x0000000701400000, 0x0000000701400000, 0x0000000701500000|  0%| F|  |TAMS 0x0000000701400000, 0x0000000701400000| Untracked 
|  21|0x0000000701500000, 0x0000000701500000, 0x0000000701600000|  0%| F|  |TAMS 0x0000000701500000, 0x0000000701500000| Untracked 
|  22|0x0000000701600000, 0x0000000701600000, 0x0000000701700000|  0%| F|  |TAMS 0x0000000701600000, 0x0000000701600000| Untracked 
|  23|0x0000000701700000, 0x0000000701700000, 0x0000000701800000|  0%| F|  |TAMS 0x0000000701700000, 0x0000000701700000| Untracked 
|  24|0x0000000701800000, 0x0000000701800000, 0x0000000701900000|  0%| F|  |TAMS 0x0000000701800000, 0x0000000701800000| Untracked 
|  25|0x0000000701900000, 0x0000000701900000, 0x0000000701a00000|  0%| F|  |TAMS 0x0000000701900000, 0x0000000701900000| Untracked 
|  26|0x0000000701a00000, 0x0000000701a00000, 0x0000000701b00000|  0%| F|  |TAMS 0x0000000701a00000, 0x0000000701a00000| Untracked 
|  27|0x0000000701b00000, 0x0000000701b00000, 0x0000000701c00000|  0%| F|  |TAMS 0x0000000701b00000, 0x0000000701b00000| Untracked 
|  28|0x0000000701c00000, 0x0000000701c00000, 0x0000000701d00000|  0%| F|  |TAMS 0x0000000701c00000, 0x0000000701c00000| Untracked 
|  29|0x0000000701d00000, 0x0000000701d00000, 0x0000000701e00000|  0%| F|  |TAMS 0x0000000701d00000, 0x0000000701d00000| Untracked 
|  30|0x0000000701e00000, 0x0000000701e00000, 0x0000000701f00000|  0%| F|  |TAMS 0x0000000701e00000, 0x0000000701e00000| Untracked 
|  31|0x0000000701f00000, 0x0000000701f00000, 0x0000000702000000|  0%| F|  |TAMS 0x0000000701f00000, 0x0000000701f00000| Untracked 
|  32|0x0000000702000000, 0x0000000702000000, 0x0000000702100000|  0%| F|  |TAMS 0x0000000702000000, 0x0000000702000000| Untracked 
|  33|0x0000000702100000, 0x0000000702100000, 0x0000000702200000|  0%| F|  |TAMS 0x0000000702100000, 0x0000000702100000| Untracked 
|  34|0x0000000702200000, 0x0000000702200000, 0x0000000702300000|  0%| F|  |TAMS 0x0000000702200000, 0x0000000702200000| Untracked 
|  35|0x0000000702300000, 0x0000000702300000, 0x0000000702400000|  0%| F|  |TAMS 0x0000000702300000, 0x0000000702300000| Untracked 
|  36|0x0000000702400000, 0x0000000702400000, 0x0000000702500000|  0%| F|  |TAMS 0x0000000702400000, 0x0000000702400000| Untracked 
|  37|0x0000000702500000, 0x0000000702500000, 0x0000000702600000|  0%| F|  |TAMS 0x0000000702500000, 0x0000000702500000| Untracked 
|  38|0x0000000702600000, 0x0000000702600000, 0x0000000702700000|  0%| F|  |TAMS 0x0000000702600000, 0x0000000702600000| Untracked 
|  39|0x0000000702700000, 0x0000000702700000, 0x0000000702800000|  0%| F|  |TAMS 0x0000000702700000, 0x0000000702700000| Untracked 
|  40|0x0000000702800000, 0x0000000702800000, 0x0000000702900000|  0%| F|  |TAMS 0x0000000702800000, 0x0000000702800000| Untracked 
|  41|0x0000000702900000, 0x0000000702900000, 0x0000000702a00000|  0%| F|  |TAMS 0x0000000702900000, 0x0000000702900000| Untracked 
|  42|0x0000000702a00000, 0x0000000702a00000, 0x0000000702b00000|  0%| F|  |TAMS 0x0000000702a00000, 0x0000000702a00000| Untracked 
|  43|0x0000000702b00000, 0x0000000702b00000, 0x0000000702c00000|  0%| F|  |TAMS 0x0000000702b00000, 0x0000000702b00000| Untracked 
|  44|0x0000000702c00000, 0x0000000702c00000, 0x0000000702d00000|  0%| F|  |TAMS 0x0000000702c00000, 0x0000000702c00000| Untracked 
|  45|0x0000000702d00000, 0x0000000702d00000, 0x0000000702e00000|  0%| F|  |TAMS 0x0000000702d00000, 0x0000000702d00000| Untracked 
|  46|0x0000000702e00000, 0x0000000702e00000, 0x0000000702f00000|  0%| F|  |TAMS 0x0000000702e00000, 0x0000000702e00000| Untracked 
|  47|0x0000000702f00000, 0x0000000702f00000, 0x0000000703000000|  0%| F|  |TAMS 0x0000000702f00000, 0x0000000702f00000| Untracked 
|  48|0x0000000703000000, 0x0000000703000000, 0x0000000703100000|  0%| F|  |TAMS 0x0000000703000000, 0x0000000703000000| Untracked 
|  49|0x0000000703100000, 0x0000000703100000, 0x0000000703200000|  0%| F|  |TAMS 0x0000000703100000, 0x0000000703100000| Untracked 
|  50|0x0000000703200000, 0x0000000703200000, 0x0000000703300000|  0%| F|  |TAMS 0x0000000703200000, 0x0000000703200000| Untracked 
|  51|0x0000000703300000, 0x0000000703300000, 0x0000000703400000|  0%| F|  |TAMS 0x0000000703300000, 0x0000000703300000| Untracked 
|  52|0x0000000703400000, 0x0000000703400000, 0x0000000703500000|  0%| F|  |TAMS 0x0000000703400000, 0x0000000703400000| Untracked 
|  53|0x0000000703500000, 0x0000000703500000, 0x0000000703600000|  0%| F|  |TAMS 0x0000000703500000, 0x0000000703500000| Untracked 
|  54|0x0000000703600000, 0x0000000703600000, 0x0000000703700000|  0%| F|  |TAMS 0x0000000703600000, 0x0000000703600000| Untracked 
|  55|0x0000000703700000, 0x0000000703700000, 0x0000000703800000|  0%| F|  |TAMS 0x0000000703700000, 0x0000000703700000| Untracked 
|  56|0x0000000703800000, 0x0000000703800000, 0x0000000703900000|  0%| F|  |TAMS 0x0000000703800000, 0x0000000703800000| Untracked 
|  57|0x0000000703900000, 0x0000000703900000, 0x0000000703a00000|  0%| F|  |TAMS 0x0000000703900000, 0x0000000703900000| Untracked 
|  58|0x0000000703a00000, 0x0000000703a00000, 0x0000000703b00000|  0%| F|  |TAMS 0x0000000703a00000, 0x0000000703a00000| Untracked 
|  59|0x0000000703b00000, 0x0000000703b00000, 0x0000000703c00000|  0%| F|  |TAMS 0x0000000703b00000, 0x0000000703b00000| Untracked 
|  60|0x0000000703c00000, 0x0000000703c00000, 0x0000000703d00000|  0%| F|  |TAMS 0x0000000703c00000, 0x0000000703c00000| Untracked 
|  61|0x0000000703d00000, 0x0000000703d00000, 0x0000000703e00000|  0%| F|  |TAMS 0x0000000703d00000, 0x0000000703d00000| Untracked 
|  62|0x0000000703e00000, 0x0000000703e00000, 0x0000000703f00000|  0%| F|  |TAMS 0x0000000703e00000, 0x0000000703e00000| Untracked 
|  63|0x0000000703f00000, 0x0000000703f00000, 0x0000000704000000|  0%| F|  |TAMS 0x0000000703f00000, 0x0000000703f00000| Untracked 
|  64|0x0000000704000000, 0x0000000704000000, 0x0000000704100000|  0%| F|  |TAMS 0x0000000704000000, 0x0000000704000000| Untracked 
|  65|0x0000000704100000, 0x0000000704100000, 0x0000000704200000|  0%| F|  |TAMS 0x0000000704100000, 0x0000000704100000| Untracked 
|  66|0x0000000704200000, 0x0000000704200000, 0x0000000704300000|  0%| F|  |TAMS 0x0000000704200000, 0x0000000704200000| Untracked 
|  67|0x0000000704300000, 0x0000000704300000, 0x0000000704400000|  0%| F|  |TAMS 0x0000000704300000, 0x0000000704300000| Untracked 
|  68|0x0000000704400000, 0x0000000704400000, 0x0000000704500000|  0%| F|  |TAMS 0x0000000704400000, 0x0000000704400000| Untracked 
|  69|0x0000000704500000, 0x0000000704500000, 0x0000000704600000|  0%| F|  |TAMS 0x0000000704500000, 0x0000000704500000| Untracked 
|  70|0x0000000704600000, 0x0000000704600000, 0x0000000704700000|  0%| F|  |TAMS 0x0000000704600000, 0x0000000704600000| Untracked 
|  71|0x0000000704700000, 0x0000000704700000, 0x0000000704800000|  0%| F|  |TAMS 0x0000000704700000, 0x0000000704700000| Untracked 
|  72|0x0000000704800000, 0x0000000704800000, 0x0000000704900000|  0%| F|  |TAMS 0x0000000704800000, 0x0000000704800000| Untracked 
|  73|0x0000000704900000, 0x0000000704900000, 0x0000000704a00000|  0%| F|  |TAMS 0x0000000704900000, 0x0000000704900000| Untracked 
|  74|0x0000000704a00000, 0x0000000704a00000, 0x0000000704b00000|  0%| F|  |TAMS 0x0000000704a00000, 0x0000000704a00000| Untracked 
|  75|0x0000000704b00000, 0x0000000704b00000, 0x0000000704c00000|  0%| F|  |TAMS 0x0000000704b00000, 0x0000000704b00000| Untracked 
|  76|0x0000000704c00000, 0x0000000704c00000, 0x0000000704d00000|  0%| F|  |TAMS 0x0000000704c00000, 0x0000000704c00000| Untracked 
|  77|0x0000000704d00000, 0x0000000704d00000, 0x0000000704e00000|  0%| F|  |TAMS 0x0000000704d00000, 0x0000000704d00000| Untracked 
|  78|0x0000000704e00000, 0x0000000704e00000, 0x0000000704f00000|  0%| F|  |TAMS 0x0000000704e00000, 0x0000000704e00000| Untracked 
|  79|0x0000000704f00000, 0x0000000704f00000, 0x0000000705000000|  0%| F|  |TAMS 0x0000000704f00000, 0x0000000704f00000| Untracked 
|  80|0x0000000705000000, 0x0000000705000000, 0x0000000705100000|  0%| F|  |TAMS 0x0000000705000000, 0x0000000705000000| Untracked 
|  81|0x0000000705100000, 0x0000000705100000, 0x0000000705200000|  0%| F|  |TAMS 0x0000000705100000, 0x0000000705100000| Untracked 
|  82|0x0000000705200000, 0x0000000705200000, 0x0000000705300000|  0%| F|  |TAMS 0x0000000705200000, 0x0000000705200000| Untracked 
|  83|0x0000000705300000, 0x0000000705300000, 0x0000000705400000|  0%| F|  |TAMS 0x0000000705300000, 0x0000000705300000| Untracked 
|  84|0x0000000705400000, 0x0000000705400000, 0x0000000705500000|  0%| F|  |TAMS 0x0000000705400000, 0x0000000705400000| Untracked 
|  85|0x0000000705500000, 0x0000000705500000, 0x0000000705600000|  0%| F|  |TAMS 0x0000000705500000, 0x0000000705500000| Untracked 
|  86|0x0000000705600000, 0x0000000705600000, 0x0000000705700000|  0%| F|  |TAMS 0x0000000705600000, 0x0000000705600000| Untracked 
|  87|0x0000000705700000, 0x0000000705700000, 0x0000000705800000|  0%| F|  |TAMS 0x0000000705700000, 0x0000000705700000| Untracked 
|  88|0x0000000705800000, 0x0000000705800000, 0x0000000705900000|  0%| F|  |TAMS 0x0000000705800000, 0x0000000705800000| Untracked 
|  89|0x0000000705900000, 0x0000000705900000, 0x0000000705a00000|  0%| F|  |TAMS 0x0000000705900000, 0x0000000705900000| Untracked 
|  90|0x0000000705a00000, 0x0000000705a00000, 0x0000000705b00000|  0%| F|  |TAMS 0x0000000705a00000, 0x0000000705a00000| Untracked 
|  91|0x0000000705b00000, 0x0000000705b00000, 0x0000000705c00000|  0%| F|  |TAMS 0x0000000705b00000, 0x0000000705b00000| Untracked 
|  92|0x0000000705c00000, 0x0000000705c00000, 0x0000000705d00000|  0%| F|  |TAMS 0x0000000705c00000, 0x0000000705c00000| Untracked 
|  93|0x0000000705d00000, 0x0000000705d00000, 0x0000000705e00000|  0%| F|  |TAMS 0x0000000705d00000, 0x0000000705d00000| Untracked 
|  94|0x0000000705e00000, 0x0000000705e00000, 0x0000000705f00000|  0%| F|  |TAMS 0x0000000705e00000, 0x0000000705e00000| Untracked 
|  95|0x0000000705f00000, 0x0000000705f00000, 0x0000000706000000|  0%| F|  |TAMS 0x0000000705f00000, 0x0000000705f00000| Untracked 
|  96|0x0000000706000000, 0x0000000706000000, 0x0000000706100000|  0%| F|  |TAMS 0x0000000706000000, 0x0000000706000000| Untracked 
|  97|0x0000000706100000, 0x0000000706100000, 0x0000000706200000|  0%| F|  |TAMS 0x0000000706100000, 0x0000000706100000| Untracked 
|  98|0x0000000706200000, 0x0000000706200000, 0x0000000706300000|  0%| F|  |TAMS 0x0000000706200000, 0x0000000706200000| Untracked 
|  99|0x0000000706300000, 0x0000000706300000, 0x0000000706400000|  0%| F|  |TAMS 0x0000000706300000, 0x0000000706300000| Untracked 
| 100|0x0000000706400000, 0x0000000706400000, 0x0000000706500000|  0%| F|  |TAMS 0x0000000706400000, 0x0000000706400000| Untracked 
| 101|0x0000000706500000, 0x0000000706500000, 0x0000000706600000|  0%| F|  |TAMS 0x0000000706500000, 0x0000000706500000| Untracked 
| 102|0x0000000706600000, 0x0000000706600000, 0x0000000706700000|  0%| F|  |TAMS 0x0000000706600000, 0x0000000706600000| Untracked 
| 103|0x0000000706700000, 0x0000000706700000, 0x0000000706800000|  0%| F|  |TAMS 0x0000000706700000, 0x0000000706700000| Untracked 
| 104|0x0000000706800000, 0x0000000706800000, 0x0000000706900000|  0%| F|  |TAMS 0x0000000706800000, 0x0000000706800000| Untracked 
| 105|0x0000000706900000, 0x0000000706900000, 0x0000000706a00000|  0%| F|  |TAMS 0x0000000706900000, 0x0000000706900000| Untracked 
| 106|0x0000000706a00000, 0x0000000706a00000, 0x0000000706b00000|  0%| F|  |TAMS 0x0000000706a00000, 0x0000000706a00000| Untracked 
| 107|0x0000000706b00000, 0x0000000706b00000, 0x0000000706c00000|  0%| F|  |TAMS 0x0000000706b00000, 0x0000000706b00000| Untracked 
| 108|0x0000000706c00000, 0x0000000706c00000, 0x0000000706d00000|  0%| F|  |TAMS 0x0000000706c00000, 0x0000000706c00000| Untracked 
| 109|0x0000000706d00000, 0x0000000706d00000, 0x0000000706e00000|  0%| F|  |TAMS 0x0000000706d00000, 0x0000000706d00000| Untracked 
| 110|0x0000000706e00000, 0x0000000706e00000, 0x0000000706f00000|  0%| F|  |TAMS 0x0000000706e00000, 0x0000000706e00000| Untracked 
| 111|0x0000000706f00000, 0x0000000706f00000, 0x0000000707000000|  0%| F|  |TAMS 0x0000000706f00000, 0x0000000706f00000| Untracked 
| 112|0x0000000707000000, 0x0000000707000000, 0x0000000707100000|  0%| F|  |TAMS 0x0000000707000000, 0x0000000707000000| Untracked 
| 113|0x0000000707100000, 0x0000000707100000, 0x0000000707200000|  0%| F|  |TAMS 0x0000000707100000, 0x0000000707100000| Untracked 
| 114|0x0000000707200000, 0x0000000707200000, 0x0000000707300000|  0%| F|  |TAMS 0x0000000707200000, 0x0000000707200000| Untracked 
| 115|0x0000000707300000, 0x0000000707300000, 0x0000000707400000|  0%| F|  |TAMS 0x0000000707300000, 0x0000000707300000| Untracked 
| 116|0x0000000707400000, 0x0000000707400000, 0x0000000707500000|  0%| F|  |TAMS 0x0000000707400000, 0x0000000707400000| Untracked 
| 117|0x0000000707500000, 0x0000000707500000, 0x0000000707600000|  0%| F|  |TAMS 0x0000000707500000, 0x0000000707500000| Untracked 
| 118|0x0000000707600000, 0x0000000707600000, 0x0000000707700000|  0%| F|  |TAMS 0x0000000707600000, 0x0000000707600000| Untracked 
| 119|0x0000000707700000, 0x0000000707700000, 0x0000000707800000|  0%| F|  |TAMS 0x0000000707700000, 0x0000000707700000| Untracked 
| 120|0x0000000707800000, 0x0000000707800000, 0x0000000707900000|  0%| F|  |TAMS 0x0000000707800000, 0x0000000707800000| Untracked 
| 121|0x0000000707900000, 0x0000000707900000, 0x0000000707a00000|  0%| F|  |TAMS 0x0000000707900000, 0x0000000707900000| Untracked 
| 122|0x0000000707a00000, 0x0000000707a00000, 0x0000000707b00000|  0%| F|  |TAMS 0x0000000707a00000, 0x0000000707a00000| Untracked 
| 123|0x0000000707b00000, 0x0000000707b00000, 0x0000000707c00000|  0%| F|  |TAMS 0x0000000707b00000, 0x0000000707b00000| Untracked 
| 124|0x0000000707c00000, 0x0000000707c00000, 0x0000000707d00000|  0%| F|  |TAMS 0x0000000707c00000, 0x0000000707c00000| Untracked 
| 125|0x0000000707d00000, 0x0000000707d00000, 0x0000000707e00000|  0%| F|  |TAMS 0x0000000707d00000, 0x0000000707d00000| Untracked 
| 126|0x0000000707e00000, 0x0000000707e00000, 0x0000000707f00000|  0%| F|  |TAMS 0x0000000707e00000, 0x0000000707e00000| Untracked 
| 127|0x0000000707f00000, 0x0000000707f00000, 0x0000000708000000|  0%| F|  |TAMS 0x0000000707f00000, 0x0000000707f00000| Untracked 
| 128|0x0000000708000000, 0x0000000708000000, 0x0000000708100000|  0%| F|  |TAMS 0x0000000708000000, 0x0000000708000000| Untracked 
| 129|0x0000000708100000, 0x0000000708100000, 0x0000000708200000|  0%| F|  |TAMS 0x0000000708100000, 0x0000000708100000| Untracked 
| 130|0x0000000708200000, 0x0000000708200000, 0x0000000708300000|  0%| F|  |TAMS 0x0000000708200000, 0x0000000708200000| Untracked 
| 131|0x0000000708300000, 0x0000000708300000, 0x0000000708400000|  0%| F|  |TAMS 0x0000000708300000, 0x0000000708300000| Untracked 
| 132|0x0000000708400000, 0x0000000708400000, 0x0000000708500000|  0%| F|  |TAMS 0x0000000708400000, 0x0000000708400000| Untracked 
| 133|0x0000000708500000, 0x0000000708500000, 0x0000000708600000|  0%| F|  |TAMS 0x0000000708500000, 0x0000000708500000| Untracked 
| 134|0x0000000708600000, 0x0000000708600000, 0x0000000708700000|  0%| F|  |TAMS 0x0000000708600000, 0x0000000708600000| Untracked 
| 135|0x0000000708700000, 0x0000000708700000, 0x0000000708800000|  0%| F|  |TAMS 0x0000000708700000, 0x0000000708700000| Untracked 
| 136|0x0000000708800000, 0x0000000708800000, 0x0000000708900000|  0%| F|  |TAMS 0x0000000708800000, 0x0000000708800000| Untracked 
| 137|0x0000000708900000, 0x0000000708900000, 0x0000000708a00000|  0%| F|  |TAMS 0x0000000708900000, 0x0000000708900000| Untracked 
| 138|0x0000000708a00000, 0x0000000708a00000, 0x0000000708b00000|  0%| F|  |TAMS 0x0000000708a00000, 0x0000000708a00000| Untracked 
| 139|0x0000000708b00000, 0x0000000708b00000, 0x0000000708c00000|  0%| F|  |TAMS 0x0000000708b00000, 0x0000000708b00000| Untracked 
| 140|0x0000000708c00000, 0x0000000708c00000, 0x0000000708d00000|  0%| F|  |TAMS 0x0000000708c00000, 0x0000000708c00000| Untracked 
| 141|0x0000000708d00000, 0x0000000708d00000, 0x0000000708e00000|  0%| F|  |TAMS 0x0000000708d00000, 0x0000000708d00000| Untracked 
| 142|0x0000000708e00000, 0x0000000708e00000, 0x0000000708f00000|  0%| F|  |TAMS 0x0000000708e00000, 0x0000000708e00000| Untracked 
| 143|0x0000000708f00000, 0x0000000708f00000, 0x0000000709000000|  0%| F|  |TAMS 0x0000000708f00000, 0x0000000708f00000| Untracked 
| 144|0x0000000709000000, 0x0000000709000000, 0x0000000709100000|  0%| F|  |TAMS 0x0000000709000000, 0x0000000709000000| Untracked 
| 145|0x0000000709100000, 0x0000000709100000, 0x0000000709200000|  0%| F|  |TAMS 0x0000000709100000, 0x0000000709100000| Untracked 
| 146|0x0000000709200000, 0x0000000709200000, 0x0000000709300000|  0%| F|  |TAMS 0x0000000709200000, 0x0000000709200000| Untracked 
| 147|0x0000000709300000, 0x0000000709300000, 0x0000000709400000|  0%| F|  |TAMS 0x0000000709300000, 0x0000000709300000| Untracked 
| 148|0x0000000709400000, 0x0000000709400000, 0x0000000709500000|  0%| F|  |TAMS 0x0000000709400000, 0x0000000709400000| Untracked 
| 149|0x0000000709500000, 0x0000000709500000, 0x0000000709600000|  0%| F|  |TAMS 0x0000000709500000, 0x0000000709500000| Untracked 
| 150|0x0000000709600000, 0x0000000709600000, 0x0000000709700000|  0%| F|  |TAMS 0x0000000709600000, 0x0000000709600000| Untracked 
| 151|0x0000000709700000, 0x0000000709700000, 0x0000000709800000|  0%| F|  |TAMS 0x0000000709700000, 0x0000000709700000| Untracked 
| 152|0x0000000709800000, 0x0000000709800000, 0x0000000709900000|  0%| F|  |TAMS 0x0000000709800000, 0x0000000709800000| Untracked 
| 153|0x0000000709900000, 0x0000000709900000, 0x0000000709a00000|  0%| F|  |TAMS 0x0000000709900000, 0x0000000709900000| Untracked 
| 154|0x0000000709a00000, 0x0000000709a00000, 0x0000000709b00000|  0%| F|  |TAMS 0x0000000709a00000, 0x0000000709a00000| Untracked 
| 155|0x0000000709b00000, 0x0000000709b00000, 0x0000000709c00000|  0%| F|  |TAMS 0x0000000709b00000, 0x0000000709b00000| Untracked 
| 156|0x0000000709c00000, 0x0000000709c00000, 0x0000000709d00000|  0%| F|  |TAMS 0x0000000709c00000, 0x0000000709c00000| Untracked 
| 157|0x0000000709d00000, 0x0000000709d00000, 0x0000000709e00000|  0%| F|  |TAMS 0x0000000709d00000, 0x0000000709d00000| Untracked 
| 158|0x0000000709e00000, 0x0000000709e00000, 0x0000000709f00000|  0%| F|  |TAMS 0x0000000709e00000, 0x0000000709e00000| Untracked 
| 159|0x0000000709f00000, 0x0000000709f00000, 0x000000070a000000|  0%| F|  |TAMS 0x0000000709f00000, 0x0000000709f00000| Untracked 
| 160|0x000000070a000000, 0x000000070a000000, 0x000000070a100000|  0%| F|  |TAMS 0x000000070a000000, 0x000000070a000000| Untracked 
| 161|0x000000070a100000, 0x000000070a100000, 0x000000070a200000|  0%| F|  |TAMS 0x000000070a100000, 0x000000070a100000| Untracked 
| 162|0x000000070a200000, 0x000000070a200000, 0x000000070a300000|  0%| F|  |TAMS 0x000000070a200000, 0x000000070a200000| Untracked 
| 163|0x000000070a300000, 0x000000070a300000, 0x000000070a400000|  0%| F|  |TAMS 0x000000070a300000, 0x000000070a300000| Untracked 
| 164|0x000000070a400000, 0x000000070a400000, 0x000000070a500000|  0%| F|  |TAMS 0x000000070a400000, 0x000000070a400000| Untracked 
| 165|0x000000070a500000, 0x000000070a500000, 0x000000070a600000|  0%| F|  |TAMS 0x000000070a500000, 0x000000070a500000| Untracked 
| 166|0x000000070a600000, 0x000000070a600000, 0x000000070a700000|  0%| F|  |TAMS 0x000000070a600000, 0x000000070a600000| Untracked 
| 167|0x000000070a700000, 0x000000070a700000, 0x000000070a800000|  0%| F|  |TAMS 0x000000070a700000, 0x000000070a700000| Untracked 
| 168|0x000000070a800000, 0x000000070a800000, 0x000000070a900000|  0%| F|  |TAMS 0x000000070a800000, 0x000000070a800000| Untracked 
| 169|0x000000070a900000, 0x000000070a900000, 0x000000070aa00000|  0%| F|  |TAMS 0x000000070a900000, 0x000000070a900000| Untracked 
| 170|0x000000070aa00000, 0x000000070aa00000, 0x000000070ab00000|  0%| F|  |TAMS 0x000000070aa00000, 0x000000070aa00000| Untracked 
| 171|0x000000070ab00000, 0x000000070ab00000, 0x000000070ac00000|  0%| F|  |TAMS 0x000000070ab00000, 0x000000070ab00000| Untracked 
| 172|0x000000070ac00000, 0x000000070ac00000, 0x000000070ad00000|  0%| F|  |TAMS 0x000000070ac00000, 0x000000070ac00000| Untracked 
| 173|0x000000070ad00000, 0x000000070ad00000, 0x000000070ae00000|  0%| F|  |TAMS 0x000000070ad00000, 0x000000070ad00000| Untracked 
| 174|0x000000070ae00000, 0x000000070ae00000, 0x000000070af00000|  0%| F|  |TAMS 0x000000070ae00000, 0x000000070ae00000| Untracked 
| 175|0x000000070af00000, 0x000000070af00000, 0x000000070b000000|  0%| F|  |TAMS 0x000000070af00000, 0x000000070af00000| Untracked 
| 176|0x000000070b000000, 0x000000070b000000, 0x000000070b100000|  0%| F|  |TAMS 0x000000070b000000, 0x000000070b000000| Untracked 
| 177|0x000000070b100000, 0x000000070b100000, 0x000000070b200000|  0%| F|  |TAMS 0x000000070b100000, 0x000000070b100000| Untracked 
| 178|0x000000070b200000, 0x000000070b200000, 0x000000070b300000|  0%| F|  |TAMS 0x000000070b200000, 0x000000070b200000| Untracked 
| 179|0x000000070b300000, 0x000000070b300000, 0x000000070b400000|  0%| F|  |TAMS 0x000000070b300000, 0x000000070b300000| Untracked 
| 180|0x000000070b400000, 0x000000070b400000, 0x000000070b500000|  0%| F|  |TAMS 0x000000070b400000, 0x000000070b400000| Untracked 
| 181|0x000000070b500000, 0x000000070b500000, 0x000000070b600000|  0%| F|  |TAMS 0x000000070b500000, 0x000000070b500000| Untracked 
| 182|0x000000070b600000, 0x000000070b600000, 0x000000070b700000|  0%| F|  |TAMS 0x000000070b600000, 0x000000070b600000| Untracked 
| 183|0x000000070b700000, 0x000000070b700000, 0x000000070b800000|  0%| F|  |TAMS 0x000000070b700000, 0x000000070b700000| Untracked 
| 184|0x000000070b800000, 0x000000070b800000, 0x000000070b900000|  0%| F|  |TAMS 0x000000070b800000, 0x000000070b800000| Untracked 
| 185|0x000000070b900000, 0x000000070b900000, 0x000000070ba00000|  0%| F|  |TAMS 0x000000070b900000, 0x000000070b900000| Untracked 
| 186|0x000000070ba00000, 0x000000070ba00000, 0x000000070bb00000|  0%| F|  |TAMS 0x000000070ba00000, 0x000000070ba00000| Untracked 
| 187|0x000000070bb00000, 0x000000070bb00000, 0x000000070bc00000|  0%| F|  |TAMS 0x000000070bb00000, 0x000000070bb00000| Untracked 
| 188|0x000000070bc00000, 0x000000070bc00000, 0x000000070bd00000|  0%| F|  |TAMS 0x000000070bc00000, 0x000000070bc00000| Untracked 
| 189|0x000000070bd00000, 0x000000070bd00000, 0x000000070be00000|  0%| F|  |TAMS 0x000000070bd00000, 0x000000070bd00000| Untracked 
| 190|0x000000070be00000, 0x000000070be00000, 0x000000070bf00000|  0%| F|  |TAMS 0x000000070be00000, 0x000000070be00000| Untracked 
| 191|0x000000070bf00000, 0x000000070bf00000, 0x000000070c000000|  0%| F|  |TAMS 0x000000070bf00000, 0x000000070bf00000| Untracked 
| 192|0x000000070c000000, 0x000000070c000000, 0x000000070c100000|  0%| F|  |TAMS 0x000000070c000000, 0x000000070c000000| Untracked 
| 193|0x000000070c100000, 0x000000070c100000, 0x000000070c200000|  0%| F|  |TAMS 0x000000070c100000, 0x000000070c100000| Untracked 
| 194|0x000000070c200000, 0x000000070c200000, 0x000000070c300000|  0%| F|  |TAMS 0x000000070c200000, 0x000000070c200000| Untracked 
| 195|0x000000070c300000, 0x000000070c300000, 0x000000070c400000|  0%| F|  |TAMS 0x000000070c300000, 0x000000070c300000| Untracked 
| 196|0x000000070c400000, 0x000000070c400000, 0x000000070c500000|  0%| F|  |TAMS 0x000000070c400000, 0x000000070c400000| Untracked 
| 197|0x000000070c500000, 0x000000070c500000, 0x000000070c600000|  0%| F|  |TAMS 0x000000070c500000, 0x000000070c500000| Untracked 
| 198|0x000000070c600000, 0x000000070c600000, 0x000000070c700000|  0%| F|  |TAMS 0x000000070c600000, 0x000000070c600000| Untracked 
| 199|0x000000070c700000, 0x000000070c700000, 0x000000070c800000|  0%| F|  |TAMS 0x000000070c700000, 0x000000070c700000| Untracked 
| 200|0x000000070c800000, 0x000000070c800000, 0x000000070c900000|  0%| F|  |TAMS 0x000000070c800000, 0x000000070c800000| Untracked 
| 201|0x000000070c900000, 0x000000070c900000, 0x000000070ca00000|  0%| F|  |TAMS 0x000000070c900000, 0x000000070c900000| Untracked 
| 202|0x000000070ca00000, 0x000000070ca00000, 0x000000070cb00000|  0%| F|  |TAMS 0x000000070ca00000, 0x000000070ca00000| Untracked 
| 203|0x000000070cb00000, 0x000000070cb00000, 0x000000070cc00000|  0%| F|  |TAMS 0x000000070cb00000, 0x000000070cb00000| Untracked 
| 204|0x000000070cc00000, 0x000000070cc00000, 0x000000070cd00000|  0%| F|  |TAMS 0x000000070cc00000, 0x000000070cc00000| Untracked 
| 205|0x000000070cd00000, 0x000000070cd00000, 0x000000070ce00000|  0%| F|  |TAMS 0x000000070cd00000, 0x000000070cd00000| Untracked 
| 206|0x000000070ce00000, 0x000000070ce00000, 0x000000070cf00000|  0%| F|  |TAMS 0x000000070ce00000, 0x000000070ce00000| Untracked 
| 207|0x000000070cf00000, 0x000000070cf00000, 0x000000070d000000|  0%| F|  |TAMS 0x000000070cf00000, 0x000000070cf00000| Untracked 
| 208|0x000000070d000000, 0x000000070d000000, 0x000000070d100000|  0%| F|  |TAMS 0x000000070d000000, 0x000000070d000000| Untracked 
| 209|0x000000070d100000, 0x000000070d100000, 0x000000070d200000|  0%| F|  |TAMS 0x000000070d100000, 0x000000070d100000| Untracked 
| 210|0x000000070d200000, 0x000000070d200000, 0x000000070d300000|  0%| F|  |TAMS 0x000000070d200000, 0x000000070d200000| Untracked 
| 211|0x000000070d300000, 0x000000070d300000, 0x000000070d400000|  0%| F|  |TAMS 0x000000070d300000, 0x000000070d300000| Untracked 
| 212|0x000000070d400000, 0x000000070d400000, 0x000000070d500000|  0%| F|  |TAMS 0x000000070d400000, 0x000000070d400000| Untracked 
| 213|0x000000070d500000, 0x000000070d500000, 0x000000070d600000|  0%| F|  |TAMS 0x000000070d500000, 0x000000070d500000| Untracked 
| 214|0x000000070d600000, 0x000000070d600000, 0x000000070d700000|  0%| F|  |TAMS 0x000000070d600000, 0x000000070d600000| Untracked 
| 215|0x000000070d700000, 0x000000070d700000, 0x000000070d800000|  0%| F|  |TAMS 0x000000070d700000, 0x000000070d700000| Untracked 
| 216|0x000000070d800000, 0x000000070d800000, 0x000000070d900000|  0%| F|  |TAMS 0x000000070d800000, 0x000000070d800000| Untracked 
| 217|0x000000070d900000, 0x000000070d900000, 0x000000070da00000|  0%| F|  |TAMS 0x000000070d900000, 0x000000070d900000| Untracked 
| 218|0x000000070da00000, 0x000000070da00000, 0x000000070db00000|  0%| F|  |TAMS 0x000000070da00000, 0x000000070da00000| Untracked 
| 219|0x000000070db00000, 0x000000070db00000, 0x000000070dc00000|  0%| F|  |TAMS 0x000000070db00000, 0x000000070db00000| Untracked 
| 220|0x000000070dc00000, 0x000000070dc00000, 0x000000070dd00000|  0%| F|  |TAMS 0x000000070dc00000, 0x000000070dc00000| Untracked 
| 221|0x000000070dd00000, 0x000000070dd00000, 0x000000070de00000|  0%| F|  |TAMS 0x000000070dd00000, 0x000000070dd00000| Untracked 
| 222|0x000000070de00000, 0x000000070de00000, 0x000000070df00000|  0%| F|  |TAMS 0x000000070de00000, 0x000000070de00000| Untracked 
| 223|0x000000070df00000, 0x000000070df00000, 0x000000070e000000|  0%| F|  |TAMS 0x000000070df00000, 0x000000070df00000| Untracked 
| 224|0x000000070e000000, 0x000000070e000000, 0x000000070e100000|  0%| F|  |TAMS 0x000000070e000000, 0x000000070e000000| Untracked 
| 225|0x000000070e100000, 0x000000070e100000, 0x000000070e200000|  0%| F|  |TAMS 0x000000070e100000, 0x000000070e100000| Untracked 
| 226|0x000000070e200000, 0x000000070e200000, 0x000000070e300000|  0%| F|  |TAMS 0x000000070e200000, 0x000000070e200000| Untracked 
| 227|0x000000070e300000, 0x000000070e300000, 0x000000070e400000|  0%| F|  |TAMS 0x000000070e300000, 0x000000070e300000| Untracked 
| 228|0x000000070e400000, 0x000000070e400000, 0x000000070e500000|  0%| F|  |TAMS 0x000000070e400000, 0x000000070e400000| Untracked 
| 229|0x000000070e500000, 0x000000070e600000, 0x000000070e600000|100%| S|CS|TAMS 0x000000070e500000, 0x000000070e500000| Complete 
| 230|0x000000070e600000, 0x000000070e700000, 0x000000070e700000|100%| S|CS|TAMS 0x000000070e600000, 0x000000070e600000| Complete 
| 231|0x000000070e700000, 0x000000070e800000, 0x000000070e800000|100%| S|CS|TAMS 0x000000070e700000, 0x000000070e700000| Complete 
| 232|0x000000070e800000, 0x000000070e800000, 0x000000070e900000|  0%| F|  |TAMS 0x000000070e800000, 0x000000070e800000| Untracked 
| 233|0x000000070e900000, 0x000000070e900000, 0x000000070ea00000|  0%| F|  |TAMS 0x000000070e900000, 0x000000070e900000| Untracked 
| 234|0x000000070ea00000, 0x000000070ea00000, 0x000000070eb00000|  0%| F|  |TAMS 0x000000070ea00000, 0x000000070ea00000| Untracked 
| 235|0x000000070eb00000, 0x000000070eb00000, 0x000000070ec00000|  0%| F|  |TAMS 0x000000070eb00000, 0x000000070eb00000| Untracked 
| 236|0x000000070ec00000, 0x000000070ec00000, 0x000000070ed00000|  0%| F|  |TAMS 0x000000070ec00000, 0x000000070ec00000| Untracked 
| 237|0x000000070ed00000, 0x000000070ed00000, 0x000000070ee00000|  0%| F|  |TAMS 0x000000070ed00000, 0x000000070ed00000| Untracked 
| 238|0x000000070ee00000, 0x000000070ee00000, 0x000000070ef00000|  0%| F|  |TAMS 0x000000070ee00000, 0x000000070ee00000| Untracked 
| 239|0x000000070ef00000, 0x000000070ef00000, 0x000000070f000000|  0%| F|  |TAMS 0x000000070ef00000, 0x000000070ef00000| Untracked 
| 240|0x000000070f000000, 0x000000070f000000, 0x000000070f100000|  0%| F|  |TAMS 0x000000070f000000, 0x000000070f000000| Untracked 
| 241|0x000000070f100000, 0x000000070f100000, 0x000000070f200000|  0%| F|  |TAMS 0x000000070f100000, 0x000000070f100000| Untracked 
| 242|0x000000070f200000, 0x000000070f200000, 0x000000070f300000|  0%| F|  |TAMS 0x000000070f200000, 0x000000070f200000| Untracked 
| 243|0x000000070f300000, 0x000000070f300000, 0x000000070f400000|  0%| F|  |TAMS 0x000000070f300000, 0x000000070f300000| Untracked 
| 244|0x000000070f400000, 0x000000070f400000, 0x000000070f500000|  0%| F|  |TAMS 0x000000070f400000, 0x000000070f400000| Untracked 
| 245|0x000000070f500000, 0x000000070f500000, 0x000000070f600000|  0%| F|  |TAMS 0x000000070f500000, 0x000000070f500000| Untracked 
| 246|0x000000070f600000, 0x000000070f600000, 0x000000070f700000|  0%| F|  |TAMS 0x000000070f600000, 0x000000070f600000| Untracked 
| 247|0x000000070f700000, 0x000000070f700000, 0x000000070f800000|  0%| F|  |TAMS 0x000000070f700000, 0x000000070f700000| Untracked 
| 248|0x000000070f800000, 0x000000070f800000, 0x000000070f900000|  0%| F|  |TAMS 0x000000070f800000, 0x000000070f800000| Untracked 
| 249|0x000000070f900000, 0x000000070f900000, 0x000000070fa00000|  0%| F|  |TAMS 0x000000070f900000, 0x000000070f900000| Untracked 
| 250|0x000000070fa00000, 0x000000070fa00000, 0x000000070fb00000|  0%| F|  |TAMS 0x000000070fa00000, 0x000000070fa00000| Untracked 
| 251|0x000000070fb00000, 0x000000070fb00000, 0x000000070fc00000|  0%| F|  |TAMS 0x000000070fb00000, 0x000000070fb00000| Untracked 
| 252|0x000000070fc00000, 0x000000070fc00000, 0x000000070fd00000|  0%| F|  |TAMS 0x000000070fc00000, 0x000000070fc00000| Untracked 
| 253|0x000000070fd00000, 0x000000070fd00000, 0x000000070fe00000|  0%| F|  |TAMS 0x000000070fd00000, 0x000000070fd00000| Untracked 
| 254|0x000000070fe00000, 0x000000070fe80800, 0x000000070ff00000| 50%| E|  |TAMS 0x000000070fe00000, 0x000000070fe00000| Complete 
| 255|0x000000070ff00000, 0x0000000710000000, 0x0000000710000000|100%| E|CS|TAMS 0x000000070ff00000, 0x000000070ff00000| Complete 
|3070|0x00000007bfe00000, 0x00000007bfe48000, 0x00000007bff00000| 28%|OA|  |TAMS 0x00000007bfe00000, 0x00000007bfe00000| Untracked 
|3071|0x00000007bff00000, 0x00000007bff77000, 0x00000007c0000000| 46%|CA|  |TAMS 0x00000007bff00000, 0x00000007bff00000| Untracked 

Card table byte_map: [0x0000000109933000,0x000000010a133000] _byte_map_base: 0x0000000106133000

Marking Bits (Prev, Next): (CMBitMap*) 0x00007fe12f00c018, (CMBitMap*) 0x00007fe12f00c058
 Prev Bits: [0x000000010a933000, 0x000000010e933000)
 Next Bits: [0x000000012ffca000, 0x0000000133fca000)

Polling page: 0x0000000108ef7000

Metaspace:

Usage:
  Non-class:      7.73 MB capacity,     7.54 MB ( 98%) used,   169.99 KB (  2%) free+waste,    24.69 KB ( <1%) overhead. 
      Class:      1.14 MB capacity,     1.02 MB ( 89%) used,   111.05 KB (  9%) free+waste,    15.88 KB (  1%) overhead. 
       Both:      8.88 MB capacity,     8.56 MB ( 96%) used,   281.05 KB (  3%) free+waste,    40.56 KB ( <1%) overhead. 

Virtual space:
  Non-class space:        8.00 MB reserved,       8.00 MB (100%) committed 
      Class space:        1.00 GB reserved,       1.25 MB ( <1%) committed 
             Both:        1.01 GB reserved,       9.25 MB ( <1%) committed 

Chunk freelists:
   Non-Class:  33.00 KB
       Class:  0 bytes
        Both:  33.00 KB

MaxMetaspaceSize: unlimited
CompressedClassSpaceSize: 1.00 GB

CodeHeap 'non-profiled nmethods': size=119168Kb used=695Kb max_used=695Kb free=118472Kb
 bounds [0x0000000128b6a000, 0x0000000128dda000, 0x000000012ffca000]
CodeHeap 'profiled nmethods': size=119164Kb used=3608Kb max_used=3608Kb free=115555Kb
 bounds [0x000000012170b000, 0x0000000121a9b000, 0x0000000128b6a000]
CodeHeap 'non-nmethods': size=7428Kb used=1309Kb max_used=2450Kb free=6118Kb
 bounds [0x0000000120fca000, 0x000000012124a000, 0x000000012170b000]
 total_blobs=2754 nmethods=1734 adapters=511
 compilation: enabled
              stopped_count=0, restarted_count=0
 full_count=0

Compilation events (20 events):
Event: 32.188 Thread 0x00007fe12f12a800 1778   !   3       javax.swing.RepaintManager::paintDirtyRegions (50 bytes)
Event: 32.188 Thread 0x00007fe12f12a800 nmethod 1778 0x0000000121a8b690 code [0x0000000121a8b860, 0x0000000121a8bd78]
Event: 32.188 Thread 0x00007fe12f12a800 1780   !   3       sun.java2d.opengl.CGLLayer::drawInCGLContext (32 bytes)
Event: 32.189 Thread 0x00007fe12f12a800 nmethod 1780 0x0000000121a8bf10 code [0x0000000121a8c2a0, 0x0000000121a8de48]
Event: 32.245 Thread 0x00007fe12f12a800 1781       3       java.util.IdentityHashMap::keySet (25 bytes)
Event: 32.245 Thread 0x00007fe12f12a800 nmethod 1781 0x0000000121a8e910 code [0x0000000121a8eae0, 0x0000000121a8ef50]
Event: 32.245 Thread 0x00007fe12f12a800 1782       3       java.util.IdentityHashMap$KeySet::iterator (12 bytes)
Event: 32.245 Thread 0x00007fe12f12a800 nmethod 1782 0x0000000121a8f090 code [0x0000000121a8f240, 0x0000000121a8f528]
Event: 32.245 Thread 0x00007fe12f12a800 1783       3       java.util.IdentityHashMap$KeyIterator::<init> (11 bytes)
Event: 32.245 Thread 0x00007fe12f12a800 nmethod 1783 0x0000000121a8f610 code [0x0000000121a8f7c0, 0x0000000121a8f9c8]
Event: 32.245 Thread 0x00007fe12f12a800 1784       3       java.util.IdentityHashMap$IdentityHashMapIterator::<init> (63 bytes)
Event: 32.245 Thread 0x00007fe12f12a800 nmethod 1784 0x0000000121a8fa90 code [0x0000000121a8fc40, 0x0000000121a8ff70]
Event: 33.157 Thread 0x00007fe130811000 1785       4       sun.java2d.SunGraphics2D::transformShape (128 bytes)
Event: 33.160 Thread 0x00007fe130811000 nmethod 1785 0x0000000128c17190 code [0x0000000128c173a0, 0x0000000128c17838]
Event: 33.310 Thread 0x00007fe12f12a800 1786   !   3       java.lang.ref.ReferenceQueue::enqueue (119 bytes)
Event: 33.310 Thread 0x00007fe12f12a800 nmethod 1786 0x0000000121a90090 code [0x0000000121a90280, 0x0000000121a90ae8]
Event: 33.313 Thread 0x00007fe12f12a800 1787       3       java.lang.ref.Reference::clear (6 bytes)
Event: 33.313 Thread 0x00007fe12f12a800 nmethod 1787 0x0000000121a90c90 code [0x0000000121a90e20, 0x0000000121a90fd0]
Event: 33.313 Thread 0x00007fe12f12a800 1788   !   3       jdk.internal.ref.PhantomCleanable::remove (60 bytes)
Event: 33.313 Thread 0x00007fe12f12a800 nmethod 1788 0x0000000121a91090 code [0x0000000121a91240, 0x0000000121a917d0]

GC Heap History (2 events):
Event: 33.300 GC heap before
{Heap before GC invocations=0 (full 0):
 garbage-first heap   total 264192K, used 29436K [0x0000000700000000, 0x0000000800000000)
  region size 1024K, 24 young (24576K), 0 survivors (0K)
 Metaspace       used 8763K, capacity 9024K, committed 9216K, reserved 1056768K
  class space    used 1042K, capacity 1169K, committed 1280K, reserved 1048576K
}
Event: 33.309 GC heap after
{Heap after GC invocations=1 (full 0):
 garbage-first heap   total 264192K, used 9639K [0x0000000700000000, 0x0000000800000000)
  region size 1024K, 3 young (3072K), 3 survivors (3072K)
 Metaspace       used 8763K, capacity 9024K, committed 9216K, reserved 1056768K
  class space    used 1042K, capacity 1169K, committed 1280K, reserved 1048576K
}

Deoptimization events (20 events):
Event: 12.325 Thread 0x00007fe12f859800 DEOPT PACKING pc=0x0000000121968ebf sp=0x0000700003c18a60
Event: 12.325 Thread 0x00007fe12f859800 DEOPT UNPACKING pc=0x000000012101333a sp=0x0000700003c17f40 mode 0
Event: 12.325 Thread 0x00007fe12f859800 DEOPT PACKING pc=0x0000000121968ebf sp=0x0000700003c18a60
Event: 12.325 Thread 0x00007fe12f859800 DEOPT UNPACKING pc=0x000000012101333a sp=0x0000700003c17f40 mode 0
Event: 12.325 Thread 0x00007fe12f859800 DEOPT PACKING pc=0x0000000121968ebf sp=0x0000700003c18a60
Event: 12.325 Thread 0x00007fe12f859800 DEOPT UNPACKING pc=0x000000012101333a sp=0x0000700003c17f40 mode 0
Event: 12.325 Thread 0x00007fe12f859800 DEOPT PACKING pc=0x0000000121968ebf sp=0x0000700003c18a60
Event: 12.325 Thread 0x00007fe12f859800 DEOPT UNPACKING pc=0x000000012101333a sp=0x0000700003c17f40 mode 0
Event: 12.325 Thread 0x00007fe12f859800 DEOPT PACKING pc=0x0000000121968ebf sp=0x0000700003c18a60
Event: 12.325 Thread 0x00007fe12f859800 DEOPT UNPACKING pc=0x000000012101333a sp=0x0000700003c17f40 mode 0
Event: 12.325 Thread 0x00007fe12f859800 DEOPT PACKING pc=0x0000000121968ebf sp=0x0000700003c18a60
Event: 12.325 Thread 0x00007fe12f859800 DEOPT UNPACKING pc=0x000000012101333a sp=0x0000700003c17f40 mode 0
Event: 12.325 Thread 0x00007fe12f859800 DEOPT PACKING pc=0x0000000121968ebf sp=0x0000700003c18a60
Event: 12.325 Thread 0x00007fe12f859800 DEOPT UNPACKING pc=0x000000012101333a sp=0x0000700003c17f40 mode 0
Event: 12.325 Thread 0x00007fe12f859800 DEOPT PACKING pc=0x0000000121968ebf sp=0x0000700003c18a60
Event: 12.325 Thread 0x00007fe12f859800 DEOPT UNPACKING pc=0x000000012101333a sp=0x0000700003c17f40 mode 0
Event: 12.325 Thread 0x00007fe12f859800 DEOPT PACKING pc=0x0000000121968ebf sp=0x0000700003c18a60
Event: 12.325 Thread 0x00007fe12f859800 DEOPT UNPACKING pc=0x000000012101333a sp=0x0000700003c17f40 mode 0
Event: 12.325 Thread 0x00007fe12f859800 DEOPT PACKING pc=0x0000000121968ebf sp=0x0000700003c18a60
Event: 12.325 Thread 0x00007fe12f859800 DEOPT UNPACKING pc=0x000000012101333a sp=0x0000700003c17f40 mode 0

Classes unloaded (0 events):
No events

Classes redefined (0 events):
No events

Internal exceptions (20 events):
Event: 0.099 Thread 0x00007fe12f008800 Exception <a 'java/io/FileNotFoundException'{0x000000070fe5f200}> (0x000000070fe5f200) 
thrown [/private/tmp/openjdk-20200206-75669-1lx9p0o/jdk13u-jdk-13.0.2+8/src/hotspot/share/prims/jni.cpp, line 598]
Event: 0.117 Thread 0x00007fe12f008800 Exception <a 'java/lang/ClassNotFoundException'{0x000000070fea3698}: sun/awt/resources/spi/awtosxProvider> (0x000000070fea3698) 
thrown [/private/tmp/openjdk-20200206-75669-1lx9p0o/jdk13u-jdk-13.0.2+8/src/hotspot/share/classfile/systemDictionary.cpp, line 232]
Event: 1.021 Thread 0x00007fe12f008800 Exception <a 'java/lang/NoSuchMethodError'{0x000000070fee5a28}: 'void java.lang.invoke.DirectMethodHandle$Holder.invokeStaticInit(java.lang.Object)'> (0x000000070fee5a28) 
thrown [/private/tmp/openjdk-20200206-75669-1lx9p0o/jdk13u-jdk-13.0.2+8/src/hotspot/share/interpreter/linkResolver.cpp, line 767]
Event: 1.029 Thread 0x00007fe12f008800 Exception <a 'java/lang/NoSuchMethodError'{0x000000070fd90300}: 'java.lang.Object java.lang.invoke.DirectMethodHandle$Holder.invokeStatic(java.lang.Object, int, java.lang.Object, java.lang.Object, java.lang.Object, java.lang.Object)'> (0x000000070fd90300) 
thrown [/private/tmp/openjdk-20200206-75669-1lx9p0o/jdk13u-jdk-13.0.2+8/src/hotspot/share/interpreter/linkResolver.cpp, line 767]
Event: 1.029 Thread 0x00007fe12f008800 Exception <a 'java/lang/NoSuchMethodError'{0x000000070fd96c60}: 'java.lang.Object java.lang.invoke.DirectMethodHandle$Holder.invokeStatic(java.lang.Object, int, java.lang.Object, java.lang.Object, java.lang.Object)'> (0x000000070fd96c60) 
thrown [/private/tmp/openjdk-20200206-75669-1lx9p0o/jdk13u-jdk-13.0.2+8/src/hotspot/share/interpreter/linkResolver.cpp, line 767]
Event: 1.029 Thread 0x00007fe12f008800 Exception <a 'java/lang/NoSuchMethodError'{0x000000070fd9a4c8}: 'java.lang.Object java.lang.invoke.DirectMethodHandle$Holder.invokeSpecial(java.lang.Object, java.lang.Object, int, java.lang.Object, java.lang.Object, java.lang.Object)'> (0x000000070fd9a4c8) 
thrown [/private/tmp/openjdk-20200206-75669-1lx9p0o/jdk13u-jdk-13.0.2+8/src/hotspot/share/interpreter/linkResolver.cpp, line 767]
Event: 1.035 Thread 0x00007fe12f008800 Exception <a 'java/lang/ClassNotFoundException'{0x000000070fdda3f0}: com/apple/laf/resources/spi/aquaProvider> (0x000000070fdda3f0) 
thrown [/private/tmp/openjdk-20200206-75669-1lx9p0o/jdk13u-jdk-13.0.2+8/src/hotspot/share/classfile/systemDictionary.cpp, line 232]
Event: 1.050 Thread 0x00007fe12f008800 Exception <a 'java/lang/ClassNotFoundException'{0x000000070fc3dba0}: com/sun/swing/internal/plaf/basic/resources/spi/basicProvider> (0x000000070fc3dba0) 
thrown [/private/tmp/openjdk-20200206-75669-1lx9p0o/jdk13u-jdk-13.0.2+8/src/hotspot/share/classfile/systemDictionary.cpp, line 232]
Event: 1.064 Thread 0x00007fe12f008800 Exception <a 'java/lang/NoSuchMethodError'{0x000000070fc6c278}: 'java.lang.Object java.lang.invoke.Invokers$Holder.linkToTargetMethod(java.lang.Object, java.lang.Object, int, java.lang.Object, java.lang.Object)'> (0x000000070fc6c278) 
thrown [/private/tmp/openjdk-20200206-75669-1lx9p0o/jdk13u-jdk-13.0.2+8/src/hotspot/share/interpreter/linkResolver.cpp, line 767]
Event: 1.081 Thread 0x00007fe12f008800 Exception <a 'java/lang/NoSuchMethodError'{0x000000070fc6f9b8}: 'void java.lang.invoke.DirectMethodHandle$Holder.invokeStatic(java.lang.Object, int, long)'> (0x000000070fc6f9b8) 
thrown [/private/tmp/openjdk-20200206-75669-1lx9p0o/jdk13u-jdk-13.0.2+8/src/hotspot/share/interpreter/linkResolver.cpp, line 767]
Event: 1.082 Thread 0x00007fe12f008800 Exception <a 'java/lang/NoSuchMethodError'{0x000000070fc76cd0}: 'void java.lang.invoke.DirectMethodHandle$Holder.invokeSpecial(java.lang.Object, java.lang.Object)'> (0x000000070fc76cd0) 
thrown [/private/tmp/openjdk-20200206-75669-1lx9p0o/jdk13u-jdk-13.0.2+8/src/hotspot/share/interpreter/linkResolver.cpp, line 767]
Event: 1.085 Thread 0x00007fe133831000 Exception <a 'java/lang/NoSuchMethodError'{0x000000070fcf77a0}: 'void java.lang.invoke.DirectMethodHandle$Holder.invokeStatic(java.lang.Object, long)'> (0x000000070fcf77a0) 
thrown [/private/tmp/openjdk-20200206-75669-1lx9p0o/jdk13u-jdk-13.0.2+8/src/hotspot/share/interpreter/linkResolver.cpp, line 767]
Event: 1.085 Thread 0x00007fe12f008800 Exception <a 'java/lang/NoSuchMethodError'{0x000000070fc87ac8}: 'java.lang.Object java.lang.invoke.Invokers$Holder.linkToTargetMethod(int, int, int, int, java.lang.Object)'> (0x000000070fc87ac8) 
thrown [/private/tmp/openjdk-20200206-75669-1lx9p0o/jdk13u-jdk-13.0.2+8/src/hotspot/share/interpreter/linkResolver.cpp, line 767]
Event: 1.085 Thread 0x00007fe12f008800 Exception <a 'java/lang/NoSuchMethodError'{0x000000070fc8a760}: 'void java.lang.invoke.DirectMethodHandle$Holder.invokeStatic(java.lang.Object, java.lang.Object, long)'> (0x000000070fc8a760) 
thrown [/private/tmp/openjdk-20200206-75669-1lx9p0o/jdk13u-jdk-13.0.2+8/src/hotspot/share/interpreter/linkResolver.cpp, line 767]
Event: 1.098 Thread 0x00007fe12f945800 Exception <a 'java/lang/NoSuchMethodError'{0x000000070fd40390}: 'void java.lang.invoke.DirectMethodHandle$Holder.invokeSpecial(java.lang.Object, java.lang.Object, long)'> (0x000000070fd40390) 
thrown [/private/tmp/openjdk-20200206-75669-1lx9p0o/jdk13u-jdk-13.0.2+8/src/hotspot/share/interpreter/linkResolver.cpp, line 767]
Event: 1.121 Thread 0x00007fe12f008800 Exception <a 'java/lang/NoSuchMethodError'{0x000000070fc9ec78}: 'void java.lang.invoke.DirectMethodHandle$Holder.invokeStatic(java.lang.Object, long, long)'> (0x000000070fc9ec78) 
thrown [/private/tmp/openjdk-20200206-75669-1lx9p0o/jdk13u-jdk-13.0.2+8/src/hotspot/share/interpreter/linkResolver.cpp, line 767]
Event: 1.122 Thread 0x00007fe12f008800 Exception <a 'java/lang/NoSuchMethodError'{0x000000070fcaa000}: 'java.lang.Object java.lang.invoke.Invokers$Holder.linkToTargetMethod(java.lang.Object, int, java.lang.Object)'> (0x000000070fcaa000) 
thrown [/private/tmp/openjdk-20200206-75669-1lx9p0o/jdk13u-jdk-13.0.2+8/src/hotspot/share/interpreter/linkResolver.cpp, line 767]
Event: 4.702 Thread 0x00007fe133831000 Exception <a 'java/lang/ClassNotFoundException'{0x000000070fa36928}: com/sun/accessibility/internal/resources/spi/accessibilityProvider> (0x000000070fa36928) 
thrown [/private/tmp/openjdk-20200206-75669-1lx9p0o/jdk13u-jdk-13.0.2+8/src/hotspot/share/classfile/systemDictionary.cpp, line 232]
Event: 7.845 Thread 0x00007fe133831000 Exception <a 'java/lang/NoSuchMethodError'{0x000000070f1df8e8}: 'void java.lang.invoke.DirectMethodHandle$Holder.invokeStatic(java.lang.Object, int, java.lang.Object, int, int)'> (0x000000070f1df8e8) 
thrown [/private/tmp/openjdk-20200206-75669-1lx9p0o/jdk13u-jdk-13.0.2+8/src/hotspot/share/interpreter/linkResolver.cpp, line 767]
Event: 14.627 Thread 0x00007fe133831000 Exception <a 'java/lang/NoSuchMethodError'{0x000000070ed137c0}: 'java.lang.Object java.lang.invoke.Invokers$Holder.linkToTargetMethod(java.lang.Object, int, int, java.lang.Object)'> (0x000000070ed137c0) 
thrown [/private/tmp/openjdk-20200206-75669-1lx9p0o/jdk13u-jdk-13.0.2+8/src/hotspot/share/interpreter/linkResolver.cpp, line 767]

Events (20 events):
Event: 33.312 Executing VM operation: RevokeBias
Event: 33.312 Executing VM operation: RevokeBias done
Event: 33.312 Executing VM operation: RevokeBias
Event: 33.312 Executing VM operation: RevokeBias done
Event: 33.312 Executing VM operation: RevokeBias
Event: 33.312 Executing VM operation: RevokeBias done
Event: 33.312 Executing VM operation: RevokeBias
Event: 33.312 Executing VM operation: RevokeBias done
Event: 33.312 Executing VM operation: RevokeBias
Event: 33.312 Executing VM operation: RevokeBias done
Event: 33.312 Executing VM operation: RevokeBias
Event: 33.312 Executing VM operation: RevokeBias done
Event: 33.312 Executing VM operation: RevokeBias
Event: 33.312 Executing VM operation: RevokeBias done
Event: 33.312 Executing VM operation: RevokeBias
Event: 33.312 Executing VM operation: RevokeBias done
Event: 33.312 Executing VM operation: RevokeBias
Event: 33.312 Executing VM operation: RevokeBias done
Event: 33.312 Executing VM operation: BulkRevokeBias
Event: 33.312 Executing VM operation: BulkRevokeBias done


Dynamic libraries:
0x00007fff69ce5000 	/usr/lib/libz.1.dylib
0x0000000108012000 	/usr/local/Cellar/openjdk/13.0.2+8_2/libexec/openjdk.jdk/Contents/Home/lib/libjli.dylib
0x00007fff29a46000 	/System/Library/Frameworks/Cocoa.framework/Versions/A/Cocoa
0x00007fff35e2d000 	/System/Library/Frameworks/Security.framework/Versions/A/Security
0x00007fff288f4000 	/System/Library/Frameworks/ApplicationServices.framework/Versions/A/ApplicationServices
0x00007fff672bc000 	/usr/lib/libSystem.B.dylib
0x00007fff6a591000 	/usr/lib/system/libcache.dylib
0x00007fff6a59a000 	/usr/lib/system/libcommonCrypto.dylib
0x00007fff6a5a7000 	/usr/lib/system/libcompiler_rt.dylib
0x00007fff6a5af000 	/usr/lib/system/libcopyfile.dylib
0x00007fff6a5ba000 	/usr/lib/system/libcorecrypto.dylib
0x00007fff6a774000 	/usr/lib/system/libdispatch.dylib
0x00007fff6a7b8000 	/usr/lib/system/libdyld.dylib
0x00007fff6a7f3000 	/usr/lib/system/libkeymgr.dylib
0x00007fff6a801000 	/usr/lib/system/liblaunch.dylib
0x00007fff6a802000 	/usr/lib/system/libmacho.dylib
0x00007fff6a808000 	/usr/lib/system/libquarantine.dylib
0x00007fff6a80b000 	/usr/lib/system/libremovefile.dylib
0x00007fff6a80d000 	/usr/lib/system/libsystem_asl.dylib
0x00007fff6a824000 	/usr/lib/system/libsystem_blocks.dylib
0x00007fff6a826000 	/usr/lib/system/libsystem_c.dylib
0x00007fff6a8af000 	/usr/lib/system/libsystem_collections.dylib
0x00007fff6a8b2000 	/usr/lib/system/libsystem_configuration.dylib
0x00007fff6a8b6000 	/usr/lib/system/libsystem_containermanager.dylib
0x00007fff6a8c6000 	/usr/lib/system/libsystem_coreservices.dylib
0x00007fff6a8cb000 	/usr/lib/system/libsystem_darwin.dylib
0x00007fff6a8d5000 	/usr/lib/system/libsystem_dnssd.dylib
0x00007fff6a8dd000 	/usr/lib/system/libsystem_featureflags.dylib
0x00007fff6a8e0000 	/usr/lib/system/libsystem_info.dylib
0x00007fff6a95b000 	/usr/lib/system/libsystem_m.dylib
0x00007fff6a9a3000 	/usr/lib/system/libsystem_malloc.dylib
0x00007fff6a9d0000 	/usr/lib/system/libsystem_networkextension.dylib
0x00007fff6a9df000 	/usr/lib/system/libsystem_notify.dylib
0x00007fff6a9f2000 	/usr/lib/system/libsystem_product_info_filter.dylib
0x00007fff6a9ff000 	/usr/lib/system/libsystem_sandbox.dylib
0x00007fff6aa04000 	/usr/lib/system/libsystem_secinit.dylib
0x00007fff6a92c000 	/usr/lib/system/libsystem_kernel.dylib
0x00007fff6a9e9000 	/usr/lib/system/libsystem_platform.dylib
0x00007fff6a9f3000 	/usr/lib/system/libsystem_pthread.dylib
0x00007fff6aa07000 	/usr/lib/system/libsystem_symptoms.dylib
0x00007fff6aa0f000 	/usr/lib/system/libsystem_trace.dylib
0x00007fff6aa2a000 	/usr/lib/system/libunwind.dylib
0x00007fff6aa35000 	/usr/lib/system/libxpc.dylib
0x00007fff67753000 	/usr/lib/libc++abi.dylib
0x00007fff69588000 	/usr/lib/libobjc.A.dylib
0x00007fff676fd000 	/usr/lib/libc++.1.dylib
0x00007fff2aaa2000 	/System/Library/Frameworks/CoreFoundation.framework/Versions/A/CoreFoundation
0x00007fff2d446000 	/System/Library/Frameworks/Foundation.framework/Versions/C/Foundation
0x00007fff27a1f000 	/System/Library/Frameworks/AppKit.framework/Versions/C/AppKit
0x00007fff2a566000 	/System/Library/Frameworks/CoreData.framework/Versions/A/CoreData
0x00007fff5fbf9000 	/System/Library/PrivateFrameworks/UIFoundation.framework/Versions/A/UIFoundation
0x00007fff5a0f8000 	/System/Library/PrivateFrameworks/RemoteViewServices.framework/Versions/A/RemoteViewServices
0x00007fff630f0000 	/System/Library/PrivateFrameworks/XCTTargetBootstrap.framework/Versions/A/XCTTargetBootstrap
0x00007fff6978b000 	/usr/lib/libspindump.dylib
0x00007fff3744b000 	/System/Library/Frameworks/UniformTypeIdentifiers.framework/Versions/A/UniformTypeIdentifiers
0x00007fff673c0000 	/usr/lib/libapp_launch_measurement.dylib
0x00007fff4364d000 	/System/Library/PrivateFrameworks/CoreAutoLayout.framework/Versions/A/CoreAutoLayout
0x00007fff309b6000 	/System/Library/Frameworks/Metal.framework/Versions/A/Metal
0x00007fff68665000 	/usr/lib/liblangid.dylib
0x00007fff45272000 	/System/Library/PrivateFrameworks/CoreSVG.framework/Versions/A/CoreSVG
0x00007fff5d509000 	/System/Library/PrivateFrameworks/SkyLight.framework/Versions/A/SkyLight
0x00007fff2af86000 	/System/Library/Frameworks/CoreGraphics.framework/Versions/A/CoreGraphics
0x00007fff26204000 	/System/Library/Frameworks/Accelerate.framework/Versions/A/Accelerate
0x00007fff51971000 	/System/Library/PrivateFrameworks/IconServices.framework/Versions/A/IconServices
0x00007fff2dcaa000 	/System/Library/Frameworks/IOSurface.framework/Versions/A/IOSurface
0x00007fff66e81000 	/usr/lib/libDiagnosticMessagesClient.dylib
0x00007fff45fa4000 	/System/Library/PrivateFrameworks/DFRFoundation.framework/Versions/A/DFRFoundation
0x00007fff6839f000 	/usr/lib/libicucore.A.dylib
0x00007fff28aaa000 	/System/Library/Frameworks/AudioToolbox.framework/Versions/A/AudioToolbox
0x00007fff46050000 	/System/Library/PrivateFrameworks/DataDetectorsCore.framework/Versions/A/DataDetectorsCore
0x00007fff294d5000 	/System/Library/Frameworks/Carbon.framework/Versions/A/Frameworks/HIToolbox.framework/Versions/A/HIToolbox
0x00007fff35065000 	/System/Library/Frameworks/QuartzCore.framework/Versions/A/QuartzCore
0x00007fff29809000 	/System/Library/Frameworks/Carbon.framework/Versions/A/Frameworks/SpeechRecognition.framework/Versions/A/SpeechRecognition
0x00007fff459e5000 	/System/Library/PrivateFrameworks/CoreUI.framework/Versions/A/CoreUI
0x00007fff29e61000 	/System/Library/Frameworks/CoreAudio.framework/Versions/A/CoreAudio
0x00007fff2d0e8000 	/System/Library/Frameworks/DiskArbitration.framework/Versions/A/DiskArbitration
0x00007fff53ed7000 	/System/Library/PrivateFrameworks/MultitouchSupport.framework/Versions/A/MultitouchSupport
0x00007fff68238000 	/usr/lib/libenergytrace.dylib
0x00007fff2dc03000 	/System/Library/Frameworks/IOKit.framework/Versions/A/IOKit
0x00007fff2c21c000 	/System/Library/Frameworks/CoreServices.framework/Versions/A/CoreServices
0x00007fff56881000 	/System/Library/PrivateFrameworks/PerformanceAnalysis.framework/Versions/A/PerformanceAnalysis
0x00007fff3422c000 	/System/Library/Frameworks/OpenGL.framework/Versions/A/OpenGL
0x00007fff29a5a000 	/System/Library/Frameworks/ColorSync.framework/Versions/A/ColorSync
0x00007fff2b657000 	/System/Library/Frameworks/CoreImage.framework/Versions/A/CoreImage
0x00007fff2cb80000 	/System/Library/Frameworks/CoreText.framework/Versions/A/CoreText
0x00007fff2dd4a000 	/System/Library/Frameworks/ImageIO.framework/Versions/A/ImageIO
0x00007fff5ddd3000 	/System/Library/PrivateFrameworks/SoftLinking.framework/Versions/A/SoftLinking
0x00007fff69bd5000 	/usr/lib/libxml2.2.dylib
0x00007fff67783000 	/usr/lib/libcompression.dylib
0x00007fff67122000 	/usr/lib/libMobileGestalt.dylib
0x00007fff5f642000 	/System/Library/PrivateFrameworks/TextureIO.framework/Versions/A/TextureIO
0x00007fff67485000 	/usr/lib/libate.dylib
0x00007fff51d69000 	/System/Library/PrivateFrameworks/InternationalSupport.framework/Versions/A/InternationalSupport
0x00007fff68667000 	/usr/lib/liblzma.5.dylib
0x00007fff371fc000 	/System/Library/Frameworks/SystemConfiguration.framework/Versions/A/SystemConfiguration
0x00007fff68260000 	/usr/lib/libfakelink.dylib
0x00007fff28fe2000 	/System/Library/Frameworks/CFNetwork.framework/Versions/A/CFNetwork
0x00007fff67413000 	/usr/lib/libarchive.2.dylib
0x00007fff66da4000 	/usr/lib/libCRFSuite.dylib
0x00007fff676de000 	/usr/lib/libbsm.0.dylib
0x00007fff68eb1000 	/usr/lib/libnetwork.dylib
0x00007fff695e0000 	/usr/lib/libpcap.A.dylib
0x00007fff68177000 	/usr/lib/libdns_services.dylib
0x00007fff67ad4000 	/usr/lib/libcoretls_cfhelpers.dylib
0x00007fff673c3000 	/usr/lib/libapple_nghttp2.dylib
0x00007fff6a7f4000 	/usr/lib/system/libkxld.dylib
0x00007fff6978e000 	/usr/lib/libsqlite3.dylib
0x00007fff3e88a000 	/System/Library/PrivateFrameworks/AppleFSCompression.framework/Versions/A/AppleFSCompression
0x00007fff67abc000 	/usr/lib/libcoretls.dylib
0x00007fff695d9000 	/usr/lib/libpam.2.dylib
0x00007fff69bc2000 	/usr/lib/libxar.1.dylib
0x00007fff3eff9000 	/System/Library/PrivateFrameworks/AppleSystemInfo.framework/Versions/A/AppleSystemInfo
0x00007fff676ef000 	/usr/lib/libbz2.1.0.dylib
0x00007fff682ae000 	/usr/lib/libiconv.2.dylib
0x00007fff6776c000 	/usr/lib/libcharset.1.dylib
0x00007fff2c5c8000 	/System/Library/Frameworks/CoreServices.framework/Versions/A/Frameworks/FSEvents.framework/Versions/A/FSEvents
0x00007fff2c291000 	/System/Library/Frameworks/CoreServices.framework/Versions/A/Frameworks/CarbonCore.framework/Versions/A/CarbonCore
0x00007fff2c813000 	/System/Library/Frameworks/CoreServices.framework/Versions/A/Frameworks/Metadata.framework/Versions/A/Metadata
0x00007fff2c8ae000 	/System/Library/Frameworks/CoreServices.framework/Versions/A/Frameworks/OSServices.framework/Versions/A/OSServices
0x00007fff2c8dc000 	/System/Library/Frameworks/CoreServices.framework/Versions/A/Frameworks/SearchKit.framework/Versions/A/SearchKit
0x00007fff2c21d000 	/System/Library/Frameworks/CoreServices.framework/Versions/A/Frameworks/AE.framework/Versions/A/AE
0x00007fff2c5d1000 	/System/Library/Frameworks/CoreServices.framework/Versions/A/Frameworks/LaunchServices.framework/Versions/A/LaunchServices
0x00007fff2c579000 	/System/Library/Frameworks/CoreServices.framework/Versions/A/Frameworks/DictionaryServices.framework/Versions/A/DictionaryServices
0x00007fff2c944000 	/System/Library/Frameworks/CoreServices.framework/Versions/A/Frameworks/SharedFileList.framework/Versions/A/SharedFileList
0x00007fff31d29000 	/System/Library/Frameworks/NetFS.framework/Versions/A/NetFS
0x00007fff66ddc000 	/usr/lib/libCheckFix.dylib
0x00007fff5446e000 	/System/Library/PrivateFrameworks/NetAuth.framework/Versions/A/NetAuth
0x00007fff6412b000 	/System/Library/PrivateFrameworks/login.framework/Versions/A/Frameworks/loginsupport.framework/Versions/A/loginsupport
0x00007fff5f0df000 	/System/Library/PrivateFrameworks/TCC.framework/Versions/A/TCC
0x00007fff44226000 	/System/Library/PrivateFrameworks/CoreNLP.framework/Versions/A/CoreNLP
0x00007fff53981000 	/System/Library/PrivateFrameworks/MetadataUtilities.framework/Versions/A/MetadataUtilities
0x00007fff68740000 	/usr/lib/libmecabra.dylib
0x00007fff2f9a6000 	/System/Library/Frameworks/MLCompute.framework/Versions/A/MLCompute
0x00007fff68697000 	/usr/lib/libmecab.dylib
0x00007fff68272000 	/usr/lib/libgermantok.dylib
0x00007fff6734b000 	/usr/lib/libThaiTokenizer.dylib
0x00007fff66de8000 	/usr/lib/libChineseTokenizer.dylib
0x00007fff30ecb000 	/System/Library/Frameworks/MetalPerformanceShaders.framework/Versions/A/MetalPerformanceShaders
0x00007fff26205000 	/System/Library/Frameworks/Accelerate.framework/Versions/A/Frameworks/vImage.framework/Versions/A/vImage
0x00007fff27845000 	/System/Library/Frameworks/Accelerate.framework/Versions/A/Frameworks/vecLib.framework/Versions/A/vecLib
0x00007fff27786000 	/System/Library/Frameworks/Accelerate.framework/Versions/A/Frameworks/vecLib.framework/Versions/A/libvMisc.dylib
0x00007fff275b2000 	/System/Library/Frameworks/Accelerate.framework/Versions/A/Frameworks/vecLib.framework/Versions/A/libvDSP.dylib
0x00007fff2689b000 	/System/Library/Frameworks/Accelerate.framework/Versions/A/Frameworks/vecLib.framework/Versions/A/libBLAS.dylib
0x00007fff27177000 	/System/Library/Frameworks/Accelerate.framework/Versions/A/Frameworks/vecLib.framework/Versions/A/libLAPACK.dylib
0x00007fff27514000 	/System/Library/Frameworks/Accelerate.framework/Versions/A/Frameworks/vecLib.framework/Versions/A/libLinearAlgebra.dylib
0x00007fff2759f000 	/System/Library/Frameworks/Accelerate.framework/Versions/A/Frameworks/vecLib.framework/Versions/A/libSparseBLAS.dylib
0x00007fff2752a000 	/System/Library/Frameworks/Accelerate.framework/Versions/A/Frameworks/vecLib.framework/Versions/A/libQuadrature.dylib
0x00007fff26aff000 	/System/Library/Frameworks/Accelerate.framework/Versions/A/Frameworks/vecLib.framework/Versions/A/libBNNS.dylib
0x00007fff27530000 	/System/Library/Frameworks/Accelerate.framework/Versions/A/Frameworks/vecLib.framework/Versions/A/libSparse.dylib
0x00007fff30ae1000 	/System/Library/Frameworks/MetalPerformanceShaders.framework/Versions/A/Frameworks/MPSCore.framework/Versions/A/MPSCore
0x00007fff30b4a000 	/System/Library/Frameworks/MetalPerformanceShaders.framework/Versions/A/Frameworks/MPSImage.framework/Versions/A/MPSImage
0x00007fff30c4c000 	/System/Library/Frameworks/MetalPerformanceShaders.framework/Versions/A/Frameworks/MPSNeuralNetwork.framework/Versions/A/MPSNeuralNetwork
0x00007fff30bde000 	/System/Library/Frameworks/MetalPerformanceShaders.framework/Versions/A/Frameworks/MPSMatrix.framework/Versions/A/MPSMatrix
0x00007fff30e77000 	/System/Library/Frameworks/MetalPerformanceShaders.framework/Versions/A/Frameworks/MPSRayIntersector.framework/Versions/A/MPSRayIntersector
0x00007fff30c0e000 	/System/Library/Frameworks/MetalPerformanceShaders.framework/Versions/A/Frameworks/MPSNDArray.framework/Versions/A/MPSNDArray
0x00007fff539f4000 	/System/Library/PrivateFrameworks/MetalTools.framework/Versions/A/MetalTools
0x00007fff3da89000 	/System/Library/PrivateFrameworks/AggregateDictionary.framework/Versions/A/AggregateDictionary
0x00007fff434e3000 	/System/Library/PrivateFrameworks/CoreAnalytics.framework/Versions/A/CoreAnalytics
0x00007fff3eee5000 	/System/Library/PrivateFrameworks/AppleSauce.framework/Versions/A/AppleSauce
0x00007fff51580000 	/System/Library/PrivateFrameworks/IOAccelerator.framework/Versions/A/IOAccelerator
0x00007fff336c6000 	/System/Library/Frameworks/OpenGL.framework/Versions/A/Libraries/libCoreFSCache.dylib
0x00007fff522da000 	/System/Library/PrivateFrameworks/LanguageModeling.framework/Versions/A/LanguageModeling
0x00007fff43b52000 	/System/Library/PrivateFrameworks/CoreEmoji.framework/Versions/A/CoreEmoji
0x00007fff52421000 	/System/Library/PrivateFrameworks/LinguisticData.framework/Versions/A/LinguisticData
0x00007fff523c7000 	/System/Library/PrivateFrameworks/Lexicon.framework/Versions/A/Lexicon
0x00007fff6776d000 	/usr/lib/libcmph.dylib
0x00007fff32d53000 	/System/Library/Frameworks/OpenDirectory.framework/Versions/A/Frameworks/CFOpenDirectory.framework/Versions/A/CFOpenDirectory
0x00007fff32d73000 	/System/Library/Frameworks/OpenDirectory.framework/Versions/A/OpenDirectory
0x00007fff3c2df000 	/System/Library/PrivateFrameworks/APFS.framework/Versions/A/APFS
0x00007fff3617d000 	/System/Library/Frameworks/SecurityFoundation.framework/Versions/A/SecurityFoundation
0x00007fff69bbe000 	/usr/lib/libutil.dylib
0x00007fff452d1000 	/System/Library/PrivateFrameworks/CoreServicesStore.framework/Versions/A/CoreServicesStore
0x00007fff36269000 	/System/Library/Frameworks/ServiceManagement.framework/Versions/A/ServiceManagement
0x00007fff69cbc000 	/usr/lib/libxslt.1.dylib
0x00007fff40422000 	/System/Library/PrivateFrameworks/BackgroundTaskManagement.framework/Versions/A/BackgroundTaskManagement
0x00007fff2e0a7000 	/System/Library/Frameworks/ImageIO.framework/Versions/A/Resources/libRadiance.dylib
0x00007fff2e05b000 	/System/Library/Frameworks/ImageIO.framework/Versions/A/Resources/libJPEG.dylib
0x00007fff2e0aa000 	/System/Library/Frameworks/ImageIO.framework/Versions/A/Resources/libTIFF.dylib
0x00007fff2e080000 	/System/Library/Frameworks/ImageIO.framework/Versions/A/Resources/libPng.dylib
0x00007fff2df77000 	/System/Library/Frameworks/ImageIO.framework/Versions/A/Resources/libGIF.dylib
0x00007fff2df7c000 	/System/Library/Frameworks/ImageIO.framework/Versions/A/Resources/libJP2.dylib
0x00007fff68239000 	/usr/lib/libexpat.1.dylib
0x00007fff3e9fc000 	/System/Library/PrivateFrameworks/AppleJPEG.framework/Versions/A/AppleJPEG
0x00007fff48dba000 	/System/Library/PrivateFrameworks/FontServices.framework/libFontParser.dylib
0x00007fff5a2ca000 	/System/Library/PrivateFrameworks/RunningBoardServices.framework/Versions/A/RunningBoardServices
0x00007fff6240d000 	/System/Library/PrivateFrameworks/WatchdogClient.framework/Versions/A/WatchdogClient
0x00007fff2a966000 	/System/Library/Frameworks/CoreDisplay.framework/Versions/A/CoreDisplay
0x00007fff2bf9f000 	/System/Library/Frameworks/CoreMedia.framework/Versions/A/CoreMedia
0x00007fff2cd24000 	/System/Library/Frameworks/CoreVideo.framework/Versions/A/CoreVideo
0x00007fff37525000 	/System/Library/Frameworks/VideoToolbox.framework/Versions/A/VideoToolbox
0x00007fff404d4000 	/System/Library/PrivateFrameworks/BaseBoard.framework/Versions/A/BaseBoard
0x00007fff56895000 	/System/Library/PrivateFrameworks/PersistentConnection.framework/Versions/A/PersistentConnection
0x00007fff5984e000 	/System/Library/PrivateFrameworks/ProtocolBuffer.framework/Versions/A/ProtocolBuffer
0x00007fff428eb000 	/System/Library/PrivateFrameworks/CommonUtilities.framework/Versions/A/CommonUtilities
0x00007fff40922000 	/System/Library/PrivateFrameworks/Bom.framework/Versions/A/Bom
0x00007fff4d2d8000 	/System/Library/PrivateFrameworks/GPUWrangler.framework/Versions/A/GPUWrangler
0x00007fff5159d000 	/System/Library/PrivateFrameworks/IOPresentment.framework/Versions/A/IOPresentment
0x00007fff45fb8000 	/System/Library/PrivateFrameworks/DSExternalDisplay.framework/Versions/A/DSExternalDisplay
0x00007fff40f9b000 	/System/Library/PrivateFrameworks/CMCaptureCore.framework/Versions/A/CMCaptureCore
0x00007fff3f09d000 	/System/Library/PrivateFrameworks/AssertionServices.framework/Versions/A/AssertionServices
0x00007fff3fe8c000 	/System/Library/PrivateFrameworks/AudioToolboxCore.framework/Versions/A/AudioToolboxCore
0x00007fff63188000 	/System/Library/PrivateFrameworks/caulk.framework/Versions/A/caulk
0x00007fff66d69000 	/usr/lib/libAudioToolboxUtility.dylib
0x00007fff338af000 	/System/Library/Frameworks/OpenGL.framework/Versions/A/Libraries/libGLU.dylib
0x00007fff336d2000 	/System/Library/Frameworks/OpenGL.framework/Versions/A/Libraries/libGFXShared.dylib
0x00007fff336db000 	/System/Library/Frameworks/OpenGL.framework/Versions/A/Libraries/libGL.dylib
0x00007fff336e6000 	/System/Library/Frameworks/OpenGL.framework/Versions/A/Libraries/libGLImage.dylib
0x00007fff336c3000 	/System/Library/Frameworks/OpenGL.framework/Versions/A/Libraries/libCVMSPluginSupport.dylib
0x00007fff336cd000 	/System/Library/Frameworks/OpenGL.framework/Versions/A/Libraries/libCoreVMClient.dylib
0x00007fff670db000 	/usr/lib/libIOReport.dylib
0x00007fff32cfa000 	/System/Library/Frameworks/OpenCL.framework/Versions/A/OpenCL
0x00007fff4eef2000 	/System/Library/PrivateFrameworks/GraphVisualizer.framework/Versions/A/GraphVisualizer
0x00007fff48277000 	/System/Library/PrivateFrameworks/FaceCore.framework/Versions/A/FaceCore
0x00007fff5575c000 	/System/Library/PrivateFrameworks/OTSVG.framework/Versions/A/OTSVG
0x00007fff28961000 	/System/Library/Frameworks/ApplicationServices.framework/Versions/A/Frameworks/ATS.framework/Versions/A/Resources/libFontRegistry.dylib
0x00007fff48f1a000 	/System/Library/PrivateFrameworks/FontServices.framework/libhvf.dylib
0x00007fff3effd000 	/System/Library/PrivateFrameworks/AppleVA.framework/Versions/A/AppleVA
0x00007fff288f5000 	/System/Library/Frameworks/ApplicationServices.framework/Versions/A/Frameworks/ATS.framework/Versions/A/ATS
0x00007fff289d2000 	/System/Library/Frameworks/ApplicationServices.framework/Versions/A/Frameworks/ColorSyncLegacy.framework/Versions/A/ColorSyncLegacy
0x00007fff289da000 	/System/Library/Frameworks/ApplicationServices.framework/Versions/A/Frameworks/HIServices.framework/Versions/A/HIServices
0x00007fff28a36000 	/System/Library/Frameworks/ApplicationServices.framework/Versions/A/Frameworks/LangAnalysis.framework/Versions/A/LangAnalysis
0x00007fff28a46000 	/System/Library/Frameworks/ApplicationServices.framework/Versions/A/Frameworks/PrintCore.framework/Versions/A/PrintCore
0x00007fff28a8e000 	/System/Library/Frameworks/ApplicationServices.framework/Versions/A/Frameworks/QD.framework/Versions/A/QD
0x00007fff28a9a000 	/System/Library/Frameworks/ApplicationServices.framework/Versions/A/Frameworks/SpeechSynthesis.framework/Versions/A/SpeechSynthesis
0x00007fff289a2000 	/System/Library/Frameworks/ApplicationServices.framework/Versions/A/Frameworks/ATSUI.framework/Versions/A/ATSUI
0x00007fff680af000 	/usr/lib/libcups.2.dylib
0x00007fff2f7e7000 	/System/Library/Frameworks/Kerberos.framework/Versions/A/Kerberos
0x00007fff2d855000 	/System/Library/Frameworks/GSS.framework/Versions/A/GSS
0x00007fff6970e000 	/usr/lib/libresolv.9.dylib
0x00007fff4f0c3000 	/System/Library/PrivateFrameworks/Heimdal.framework/Versions/A/Heimdal
0x00007fff2f7f7000 	/System/Library/Frameworks/Kerberos.framework/Versions/A/Libraries/libHeimdalProxy.dylib
0x00007fff31d39000 	/System/Library/Frameworks/Network.framework/Versions/A/Network
0x00007fff68278000 	/usr/lib/libheimdal-asn1.dylib
0x00007fff428da000 	/System/Library/PrivateFrameworks/CommonAuth.framework/Versions/A/CommonAuth
0x00007fff3fd3d000 	/System/Library/PrivateFrameworks/AudioSession.framework/Versions/A/AudioSession
0x00007fff66d59000 	/usr/lib/libAudioStatistics.dylib
0x00007fff52f9d000 	/System/Library/PrivateFrameworks/MediaExperience.framework/Versions/A/MediaExperience
0x00007fff3fda6000 	/System/Library/PrivateFrameworks/AudioSession.framework/libSessionUtility.dylib
0x00007fff6965c000 	/usr/lib/libperfcheck.dylib
0x00007fff64178000 	/System/Library/PrivateFrameworks/perfdata.framework/Versions/A/perfdata
0x00007fff671c4000 	/usr/lib/libSMC.dylib
0x00007fff3f668000 	/System/Library/PrivateFrameworks/AudioResourceArbitration.framework/Versions/A/AudioResourceArbitration
0x00007fff4042c000 	/System/Library/PrivateFrameworks/Backup.framework/Versions/A/Backup
0x00007fff46170000 	/System/Library/PrivateFrameworks/DesktopServicesPriv.framework/Versions/A/DesktopServicesPriv
0x00007fff5195d000 	/System/Library/PrivateFrameworks/IconFoundation.framework/Versions/A/IconFoundation
0x00007fff5c04b000 	/System/Library/PrivateFrameworks/Sharing.framework/Versions/A/Sharing
0x00007fff2784a000 	/System/Library/Frameworks/Accounts.framework/Versions/A/Accounts
0x00007fff3e551000 	/System/Library/PrivateFrameworks/Apple80211.framework/Versions/A/Apple80211
0x00007fff400ff000 	/System/Library/PrivateFrameworks/AuthKit.framework/Versions/A/AuthKit
0x00007fff45b21000 	/System/Library/PrivateFrameworks/CoreUtils.framework/Versions/A/CoreUtils
0x00007fff2cd6b000 	/System/Library/Frameworks/CoreWLAN.framework/Versions/A/CoreWLAN
0x00007fff2da7d000 	/System/Library/Frameworks/IOBluetooth.framework/Versions/A/IOBluetooth
0x00007fff60b67000 	/System/Library/PrivateFrameworks/UserManagement.framework/Versions/A/UserManagement
0x00007fff53bce000 	/System/Library/PrivateFrameworks/MobileKeyBag.framework/Versions/A/MobileKeyBag
0x00007fff45d87000 	/System/Library/PrivateFrameworks/CoreWiFi.framework/Versions/A/CoreWiFi
0x00007fff44763000 	/System/Library/PrivateFrameworks/CorePhoneNumbers.framework/Versions/A/CorePhoneNumbers
0x00007fff3e9aa000 	/System/Library/PrivateFrameworks/AppleIDAuthSupport.framework/Versions/A/AppleIDAuthSupport
0x00007fff52133000 	/System/Library/PrivateFrameworks/KeychainCircle.framework/Versions/A/KeychainCircle
0x00007fff28bb9000 	/System/Library/Frameworks/AudioUnit.framework/Versions/A/AudioUnit
0x00007fff2a4d8000 	/System/Library/Frameworks/CoreBluetooth.framework/Versions/A/CoreBluetooth
0x00007fff5e2c2000 	/System/Library/PrivateFrameworks/SpeechRecognitionCore.framework/Versions/A/SpeechRecognitionCore
0x0000000108049000 	/usr/local/Cellar/openjdk/13.0.2+8_2/libexec/openjdk.jdk/Contents/Home/lib/server/libjvm.dylib
0x0000000108ec3000 	/usr/local/Cellar/openjdk/13.0.2+8_2/libexec/openjdk.jdk/Contents/Home/lib/libverify.dylib
0x0000000108ed0000 	/usr/local/Cellar/openjdk/13.0.2+8_2/libexec/openjdk.jdk/Contents/Home/lib/libjava.dylib
0x0000000108f41000 	/usr/local/Cellar/openjdk/13.0.2+8_2/libexec/openjdk.jdk/Contents/Home/lib/libzip.dylib
0x0000000108f4a000 	/usr/local/Cellar/openjdk/13.0.2+8_2/libexec/openjdk.jdk/Contents/Home/lib/libjimage.dylib
0x000000010f2cd000 	/usr/local/Cellar/openjdk/13.0.2+8_2/libexec/openjdk.jdk/Contents/Home/lib/libnio.dylib
0x000000010f2dd000 	/usr/local/Cellar/openjdk/13.0.2+8_2/libexec/openjdk.jdk/Contents/Home/lib/libnet.dylib
0x000000010f2f2000 	/usr/local/Cellar/openjdk/13.0.2+8_2/libexec/openjdk.jdk/Contents/Home/lib/libawt.dylib
0x000000010f389000 	/usr/local/Cellar/openjdk/13.0.2+8_2/libexec/openjdk.jdk/Contents/Home/lib/libmlib_image.dylib
0x00007fff2e6c7000 	/System/Library/Frameworks/JavaNativeFoundation.framework/Versions/A/JavaNativeFoundation
0x00007fff2e6d3000 	/System/Library/Frameworks/JavaRuntimeSupport.framework/Versions/A/JavaRuntimeSupport
0x00007fff294cd000 	/System/Library/Frameworks/Carbon.framework/Versions/A/Carbon
0x00007fff45881000 	/System/Library/PrivateFrameworks/CoreSymbolication.framework/Versions/A/CoreSymbolication
0x00007fff294d1000 	/System/Library/Frameworks/Carbon.framework/Versions/A/Frameworks/CommonPanels.framework/Versions/A/CommonPanels
0x00007fff297d5000 	/System/Library/Frameworks/Carbon.framework/Versions/A/Frameworks/Help.framework/Versions/A/Help
0x00007fff297d9000 	/System/Library/Frameworks/Carbon.framework/Versions/A/Frameworks/ImageCapture.framework/Versions/A/ImageCapture
0x00007fff297e5000 	/System/Library/Frameworks/Carbon.framework/Versions/A/Frameworks/OpenScripting.framework/Versions/A/OpenScripting
0x00007fff297e1000 	/System/Library/Frameworks/Carbon.framework/Versions/A/Frameworks/Ink.framework/Versions/A/Ink
0x00007fff29801000 	/System/Library/Frameworks/Carbon.framework/Versions/A/Frameworks/Print.framework/Versions/A/Print
0x00007fff29805000 	/System/Library/Frameworks/Carbon.framework/Versions/A/Frameworks/SecurityHI.framework/Versions/A/SecurityHI
0x00007fff46133000 	/System/Library/PrivateFrameworks/DebugSymbols.framework/Versions/A/DebugSymbols
0x000000010f3ec000 	/usr/local/Cellar/openjdk/13.0.2+8_2/libexec/openjdk.jdk/Contents/Home/lib/libawt_lwawt.dylib
0x000000010f492000 	/usr/local/Cellar/openjdk/13.0.2+8_2/libexec/openjdk.jdk/Contents/Home/lib/libosxapp.dylib
0x00007fff2d2d1000 	/System/Library/Frameworks/ExceptionHandling.framework/Versions/A/ExceptionHandling
0x000000010f4b8000 	/usr/local/Cellar/openjdk/13.0.2+8_2/libexec/openjdk.jdk/Contents/Home/lib/libfontmanager.dylib
0x000000010f5b6000 	/usr/local/Cellar/openjdk/13.0.2+8_2/libexec/openjdk.jdk/Contents/Home/lib/libfreetype.dylib
0x00007fff4529b000 	/System/Library/PrivateFrameworks/CoreServicesInternal.framework/Versions/A/CoreServicesInternal
0x00007fff2d2f7000 	/System/Library/Frameworks/FileProvider.framework/Versions/A/FileProvider
0x00007fff4d84b000 	/System/Library/PrivateFrameworks/GenerationalStorage.framework/Versions/A/GenerationalStorage
0x00007fff5eb9c000 	/System/Library/PrivateFrameworks/SymptomDiagnosticReporter.framework/Versions/A/SymptomDiagnosticReporter
0x00007fff3df5e000 	/System/Library/PrivateFrameworks/AppContainer.framework/Versions/A/AppContainer
0x00007fff6972b000 	/usr/lib/libsandbox.1.dylib
0x00007fff41a9e000 	/System/Library/PrivateFrameworks/ChunkingLibrary.framework/Versions/A/ChunkingLibrary
0x00007fff5be8a000 	/System/Library/PrivateFrameworks/SecCodeWrapper.framework/Versions/A/SecCodeWrapper
0x00007fff45ed2000 	/System/Library/PrivateFrameworks/CrashReporterSupport.framework/Versions/A/CrashReporterSupport
0x00007fff670e2000 	/usr/lib/libMatch.1.dylib
0x000000011007e000 	/System/Library/CoreServices/RawCamera.bundle/Contents/MacOS/RawCamera
0x00007fff53b48000 	/System/Library/PrivateFrameworks/MobileAsset.framework/Versions/A/MobileAsset
0x00007fff5ea36000 	/System/Library/PrivateFrameworks/StreamingZip.framework/Versions/A/StreamingZip
0x00007fff2fedc000 	/System/Library/Frameworks/MediaToolbox.framework/Versions/A/MediaToolbox
0x00007fff4348b000 	/System/Library/PrivateFrameworks/CoreAVCHD.framework/Versions/A/CoreAVCHD
0x00007fff2fd4c000 	/System/Library/Frameworks/MediaAccessibility.framework/Versions/A/MediaAccessibility
0x00007fff52c39000 	/System/Library/PrivateFrameworks/Mangrove.framework/Versions/A/Mangrove
0x00007fff3ddad000 	/System/Library/PrivateFrameworks/AlgosScoreFramework.framework/Versions/A/AlgosScoreFramework
0x00007fff3f051000 	/System/Library/PrivateFrameworks/AppleVPA.framework/Versions/A/AppleVPA
0x00007fff430d2000 	/System/Library/PrivateFrameworks/CoreAUC.framework/Versions/A/CoreAUC
0x00000001107df000 	/usr/lib/libobjc-trampolines.dylib
0x0000000138d65000 	/System/Library/Frameworks/Accelerate.framework/Versions/A/Frameworks/vImage.framework/Versions/A/Libraries/libCGInterfaces.dylib
0x00007fff6210b000 	/System/Library/PrivateFrameworks/ViewBridge.framework/Versions/A/ViewBridge
0x00007fff6412e000 	/System/Library/PrivateFrameworks/login.framework/Versions/A/login
0x000000013c1e7000 	/System/Library/Frameworks/OpenGL.framework/Versions/A/Resources/GLEngine.bundle/GLEngine
0x00007fff3371a000 	/System/Library/Frameworks/OpenGL.framework/Versions/A/Libraries/libGLProgrammability.dylib
0x000000013c3a7000 	/System/Library/Extensions/AppleIntelKBLGraphicsGLDriver.bundle/Contents/MacOS/AppleIntelKBLGraphicsGLDriver
0x00007fff4d2cc000 	/System/Library/PrivateFrameworks/GPUSupport.framework/Versions/A/Libraries/libGPUSupportMercury.dylib
0x000000013d93f000 	/System/Library/Extensions/AMDRadeonX4000GLDriver.bundle/Contents/MacOS/AMDRadeonX4000GLDriver
0x00007fff24613000 	/System/Library/Extensions/AMDRadeonX4000GLDriver.bundle/Contents/MacOS/ATIRadeonX4000SCLib.dylib
0x00007fff2562b000 	/System/Library/Extensions/AMDShared.bundle/Contents/PlugIns/libSC.dylib
0x000000013da9f000 	/System/Library/Frameworks/OpenGL.framework/Versions/A/Resources/GLRendererFloat.bundle/GLRendererFloat
0x000000013914d000 	/usr/local/Cellar/openjdk/13.0.2+8_2/libexec/openjdk.jdk/Contents/Home/lib/libosxui.dylib
0x0000000140979000 	/usr/local/Cellar/openjdk/13.0.2+8_2/libexec/openjdk.jdk/Contents/Home/lib/libjavajpeg.dylib
0x00007fff3d07b000 	/System/Library/PrivateFrameworks/AccessibilityBundles.framework/Versions/A/AccessibilityBundles


VM Arguments:
java_command: View.LaunchFrame
java_class_path (initial): .
Launcher Type: SUN_STANDARD

[Global flags]
     intx CICompilerCount                          = 12                                        {product} {ergonomic}
     uint ConcGCThreads                            = 3                                         {product} {ergonomic}
     uint G1ConcRefinementThreads                  = 13                                        {product} {ergonomic}
   size_t G1HeapRegionSize                         = 1048576                                   {product} {ergonomic}
    uintx GCDrainStackTargetSize                   = 64                                        {product} {ergonomic}
   size_t InitialHeapSize                          = 268435456                                 {product} {ergonomic}
   size_t MarkStackSize                            = 4194304                                   {product} {ergonomic}
   size_t MaxHeapSize                              = 4294967296                                {product} {ergonomic}
   size_t MaxNewSize                               = 2576351232                                {product} {ergonomic}
   size_t MinHeapDeltaBytes                        = 1048576                                   {product} {ergonomic}
   size_t MinHeapSize                              = 8388608                                   {product} {ergonomic}
    uintx NonNMethodCodeHeapSize                   = 7602480                                {pd product} {ergonomic}
    uintx NonProfiledCodeHeapSize                  = 122027880                              {pd product} {ergonomic}
    uintx ProfiledCodeHeapSize                     = 122027880                              {pd product} {ergonomic}
    uintx ReservedCodeCacheSize                    = 251658240                              {pd product} {ergonomic}
     bool SegmentedCodeCache                       = true                                      {product} {ergonomic}
   size_t SoftMaxHeapSize                          = 4294967296                             {manageable} {ergonomic}
     bool UseCompressedClassPointers               = true                                 {lp64_product} {ergonomic}
     bool UseCompressedOops                        = true                                 {lp64_product} {ergonomic}
     bool UseG1GC                                  = true                                      {product} {ergonomic}

Logging:
Log output configuration:
 #0: stdout all=warning uptime,level,tags
 #1: stderr all=off uptime,level,tags

Environment Variables:
PATH=/usr/local/opt/openjdk/bin:/usr/local/bin:/usr/bin:/bin:/usr/sbin:/sbin:/usr/local/opt/openjdk/bin
SHELL=/bin/zsh

Signal Handlers:
SIGSEGV: [libjvm.dylib+0x7f0282], sa_mask[0]=11111111011111110111111111111111, sa_flags=SA_ONSTACK|SA_RESTART|SA_SIGINFO
SIGBUS: [libjvm.dylib+0x7f0282], sa_mask[0]=11111111011111110111111111111111, sa_flags=SA_RESTART|SA_SIGINFO
SIGFPE: [libjvm.dylib+0x7f0282], sa_mask[0]=11111111011111110111111111111111, sa_flags=SA_RESTART|SA_SIGINFO
SIGPIPE: [libjvm.dylib+0x6357e1], sa_mask[0]=11111111011111110111111111111111, sa_flags=SA_RESTART|SA_SIGINFO
SIGXFSZ: [libjvm.dylib+0x6357e1], sa_mask[0]=11111111011111110111111111111111, sa_flags=SA_RESTART|SA_SIGINFO
SIGILL: [libjvm.dylib+0x7f0282], sa_mask[0]=11111111011111110111111111111111, sa_flags=SA_RESTART|SA_SIGINFO
SIGUSR2: [libjvm.dylib+0x635db6], sa_mask[0]=00000000000000000000000000000000, sa_flags=SA_RESTART|SA_SIGINFO
SIGHUP: [libjvm.dylib+0x634daf], sa_mask[0]=11111111011111110111111111111111, sa_flags=SA_RESTART|SA_SIGINFO
SIGINT: [libjvm.dylib+0x634daf], sa_mask[0]=11111111011111110111111111111111, sa_flags=SA_RESTART|SA_SIGINFO
SIGTERM: [libjvm.dylib+0x634daf], sa_mask[0]=11111111011111110111111111111111, sa_flags=SA_RESTART|SA_SIGINFO
SIGQUIT: [libjvm.dylib+0x634daf], sa_mask[0]=11111111011111110111111111111111, sa_flags=SA_RESTART|SA_SIGINFO


---------------  S Y S T E M  ---------------

OS:uname:Darwin 20.0.0 Darwin Kernel Version 20.0.0: Sat Jun 13 17:58:16 PDT 2020; root:xnu-7090.0.0.111.5~1/RELEASE_X86_64 x86_64
rlimit: STACK 8192k, CORE 0k, NPROC 2784, NOFILE 10240, AS infinity, DATA infinity, FSIZE infinity
load average:2.64 2.16 1.87

CPU:total 16 (initial active 16) (8 cores per cpu, 2 threads per core) family 6 model 158 stepping 13, cmov, cx8, fxsr, mmx, sse, sse2, sse3, ssse3, sse4.1, sse4.2, popcnt, avx, avx2, aes, clmul, erms, 3dnowpref, lzcnt, ht, tsc, tscinvbit, bmi1, bmi2, adx, fma

Memory: 4k page, physical 16777216k(834556k free), swap 1048576k(999424k free)

vm_info: OpenJDK 64-Bit Server VM (13.0.2+8) for bsd-amd64 JRE (13.0.2+8), built on Feb  6 2020 02:07:52 by "brew" with clang 4.2.1 Compatible Apple LLVM 11.0.0 (clang-1100.0.33.17)

END.
